[2024-06-18T00:00:06.764+0000] {processor.py:161} INFO - Started process (PID=6209) to work on /opt/airflow/dags/etl.py
[2024-06-18T00:00:06.766+0000] {processor.py:830} INFO - Processing file /opt/airflow/dags/etl.py for tasks to queue
[2024-06-18T00:00:06.771+0000] {logging_mixin.py:188} INFO - [2024-06-18T00:00:06.770+0000] {dagbag.py:545} INFO - Filling up the DagBag from /opt/airflow/dags/etl.py
[2024-06-18T00:00:07.679+0000] {processor.py:840} INFO - DAG(s) 'etl_dag' retrieved from /opt/airflow/dags/etl.py
[2024-06-18T00:00:07.722+0000] {logging_mixin.py:188} INFO - [2024-06-18T00:00:07.721+0000] {dag.py:3096} INFO - Sync 1 DAGs
[2024-06-18T00:00:07.756+0000] {logging_mixin.py:188} INFO - [2024-06-18T00:00:07.755+0000] {dag.py:3954} INFO - Setting next_dagrun for etl_dag to 2024-06-17 00:00:00+00:00, run_after=2024-06-18 00:00:00+00:00
[2024-06-18T00:00:07.832+0000] {processor.py:183} INFO - Processing /opt/airflow/dags/etl.py took 1.077 seconds
[2024-06-18T00:02:15.721+0000] {processor.py:161} INFO - Started process (PID=6670) to work on /opt/airflow/dags/etl.py
[2024-06-18T00:02:15.722+0000] {processor.py:830} INFO - Processing file /opt/airflow/dags/etl.py for tasks to queue
[2024-06-18T00:02:15.724+0000] {logging_mixin.py:188} INFO - [2024-06-18T00:02:15.723+0000] {dagbag.py:545} INFO - Filling up the DagBag from /opt/airflow/dags/etl.py
[2024-06-18T00:02:16.335+0000] {processor.py:840} INFO - DAG(s) 'etl_dag' retrieved from /opt/airflow/dags/etl.py
[2024-06-18T00:02:16.369+0000] {logging_mixin.py:188} INFO - [2024-06-18T00:02:16.369+0000] {dag.py:3096} INFO - Sync 1 DAGs
[2024-06-18T00:02:16.400+0000] {logging_mixin.py:188} INFO - [2024-06-18T00:02:16.400+0000] {dag.py:3954} INFO - Setting next_dagrun for etl_dag to 2024-06-18 00:00:00+00:00, run_after=2024-06-19 00:00:00+00:00
[2024-06-18T00:02:16.517+0000] {processor.py:183} INFO - Processing /opt/airflow/dags/etl.py took 0.804 seconds
[2024-06-18T00:03:16.423+0000] {processor.py:161} INFO - Started process (PID=7162) to work on /opt/airflow/dags/etl.py
[2024-06-18T00:03:16.424+0000] {processor.py:830} INFO - Processing file /opt/airflow/dags/etl.py for tasks to queue
[2024-06-18T00:03:16.426+0000] {logging_mixin.py:188} INFO - [2024-06-18T00:03:16.425+0000] {dagbag.py:545} INFO - Filling up the DagBag from /opt/airflow/dags/etl.py
[2024-06-18T00:03:16.994+0000] {processor.py:840} INFO - DAG(s) 'etl_dag' retrieved from /opt/airflow/dags/etl.py
[2024-06-18T00:03:17.026+0000] {logging_mixin.py:188} INFO - [2024-06-18T00:03:17.026+0000] {dag.py:3096} INFO - Sync 1 DAGs
[2024-06-18T00:03:17.048+0000] {logging_mixin.py:188} INFO - [2024-06-18T00:03:17.047+0000] {dag.py:3954} INFO - Setting next_dagrun for etl_dag to 2024-06-18 00:00:00+00:00, run_after=2024-06-19 00:00:00+00:00
[2024-06-18T00:03:17.158+0000] {processor.py:183} INFO - Processing /opt/airflow/dags/etl.py took 0.740 seconds
[2024-06-18T00:03:47.429+0000] {processor.py:161} INFO - Started process (PID=7166) to work on /opt/airflow/dags/etl.py
[2024-06-18T00:03:47.430+0000] {processor.py:830} INFO - Processing file /opt/airflow/dags/etl.py for tasks to queue
[2024-06-18T00:03:47.432+0000] {logging_mixin.py:188} INFO - [2024-06-18T00:03:47.432+0000] {dagbag.py:545} INFO - Filling up the DagBag from /opt/airflow/dags/etl.py
[2024-06-18T00:03:48.020+0000] {processor.py:840} INFO - DAG(s) 'etl_dag' retrieved from /opt/airflow/dags/etl.py
[2024-06-18T00:03:48.051+0000] {logging_mixin.py:188} INFO - [2024-06-18T00:03:48.050+0000] {dag.py:3096} INFO - Sync 1 DAGs
[2024-06-18T00:03:48.075+0000] {logging_mixin.py:188} INFO - [2024-06-18T00:03:48.075+0000] {dag.py:3954} INFO - Setting next_dagrun for etl_dag to 2024-06-18 00:00:00+00:00, run_after=2024-06-19 00:00:00+00:00
[2024-06-18T00:03:48.226+0000] {processor.py:183} INFO - Processing /opt/airflow/dags/etl.py took 0.805 seconds
[2024-06-18T00:04:18.721+0000] {processor.py:161} INFO - Started process (PID=7170) to work on /opt/airflow/dags/etl.py
[2024-06-18T00:04:18.722+0000] {processor.py:830} INFO - Processing file /opt/airflow/dags/etl.py for tasks to queue
[2024-06-18T00:04:18.723+0000] {logging_mixin.py:188} INFO - [2024-06-18T00:04:18.723+0000] {dagbag.py:545} INFO - Filling up the DagBag from /opt/airflow/dags/etl.py
[2024-06-18T00:04:19.343+0000] {processor.py:840} INFO - DAG(s) 'etl_dag' retrieved from /opt/airflow/dags/etl.py
[2024-06-18T00:04:19.375+0000] {logging_mixin.py:188} INFO - [2024-06-18T00:04:19.375+0000] {dag.py:3096} INFO - Sync 1 DAGs
[2024-06-18T00:04:19.397+0000] {logging_mixin.py:188} INFO - [2024-06-18T00:04:19.397+0000] {dag.py:3954} INFO - Setting next_dagrun for etl_dag to 2024-06-18 00:00:00+00:00, run_after=2024-06-19 00:00:00+00:00
[2024-06-18T00:04:19.499+0000] {processor.py:183} INFO - Processing /opt/airflow/dags/etl.py took 0.784 seconds
