[2024-06-18T00:03:05.081+0000] {processor.py:161} INFO - Started process (PID=7130) to work on /opt/airflow/dags/youtube_etl_dag.py
[2024-06-18T00:03:05.083+0000] {processor.py:830} INFO - Processing file /opt/airflow/dags/youtube_etl_dag.py for tasks to queue
[2024-06-18T00:03:05.085+0000] {logging_mixin.py:188} INFO - [2024-06-18T00:03:05.084+0000] {dagbag.py:545} INFO - Filling up the DagBag from /opt/airflow/dags/youtube_etl_dag.py
[2024-06-18T00:03:05.703+0000] {processor.py:840} INFO - DAG(s) 'youtube_etl_dag' retrieved from /opt/airflow/dags/youtube_etl_dag.py
[2024-06-18T00:03:05.745+0000] {logging_mixin.py:188} INFO - [2024-06-18T00:03:05.745+0000] {dag.py:3096} INFO - Sync 1 DAGs
[2024-06-18T00:03:05.768+0000] {logging_mixin.py:188} INFO - [2024-06-18T00:03:05.768+0000] {dag.py:3954} INFO - Setting next_dagrun for youtube_etl_dag to 2024-06-18 00:00:00+00:00, run_after=2024-06-19 00:00:00+00:00
[2024-06-18T00:03:05.889+0000] {processor.py:183} INFO - Processing /opt/airflow/dags/youtube_etl_dag.py took 0.813 seconds
[2024-06-18T00:03:36.423+0000] {processor.py:161} INFO - Started process (PID=7164) to work on /opt/airflow/dags/youtube_etl_dag.py
[2024-06-18T00:03:36.426+0000] {processor.py:830} INFO - Processing file /opt/airflow/dags/youtube_etl_dag.py for tasks to queue
[2024-06-18T00:03:36.429+0000] {logging_mixin.py:188} INFO - [2024-06-18T00:03:36.428+0000] {dagbag.py:545} INFO - Filling up the DagBag from /opt/airflow/dags/youtube_etl_dag.py
[2024-06-18T00:03:37.019+0000] {processor.py:840} INFO - DAG(s) 'youtube_etl_dag' retrieved from /opt/airflow/dags/youtube_etl_dag.py
[2024-06-18T00:03:37.067+0000] {logging_mixin.py:188} INFO - [2024-06-18T00:03:37.067+0000] {dag.py:3096} INFO - Sync 1 DAGs
[2024-06-18T00:03:37.099+0000] {logging_mixin.py:188} INFO - [2024-06-18T00:03:37.099+0000] {dag.py:3954} INFO - Setting next_dagrun for youtube_etl_dag to 2024-06-18 00:00:00+00:00, run_after=2024-06-19 00:00:00+00:00
[2024-06-18T00:03:37.217+0000] {processor.py:183} INFO - Processing /opt/airflow/dags/youtube_etl_dag.py took 0.804 seconds
[2024-06-18T00:04:07.972+0000] {processor.py:161} INFO - Started process (PID=7168) to work on /opt/airflow/dags/youtube_etl_dag.py
[2024-06-18T00:04:07.974+0000] {processor.py:830} INFO - Processing file /opt/airflow/dags/youtube_etl_dag.py for tasks to queue
[2024-06-18T00:04:07.976+0000] {logging_mixin.py:188} INFO - [2024-06-18T00:04:07.975+0000] {dagbag.py:545} INFO - Filling up the DagBag from /opt/airflow/dags/youtube_etl_dag.py
[2024-06-18T00:04:08.543+0000] {processor.py:840} INFO - DAG(s) 'youtube_etl_dag' retrieved from /opt/airflow/dags/youtube_etl_dag.py
[2024-06-18T00:04:08.577+0000] {logging_mixin.py:188} INFO - [2024-06-18T00:04:08.577+0000] {dag.py:3096} INFO - Sync 1 DAGs
[2024-06-18T00:04:08.603+0000] {logging_mixin.py:188} INFO - [2024-06-18T00:04:08.603+0000] {dag.py:3954} INFO - Setting next_dagrun for youtube_etl_dag to 2024-06-18 00:00:00+00:00, run_after=2024-06-19 00:00:00+00:00
[2024-06-18T00:04:08.717+0000] {processor.py:183} INFO - Processing /opt/airflow/dags/youtube_etl_dag.py took 0.756 seconds
[2024-06-18T00:04:39.392+0000] {processor.py:161} INFO - Started process (PID=7172) to work on /opt/airflow/dags/youtube_etl_dag.py
[2024-06-18T00:04:39.394+0000] {processor.py:830} INFO - Processing file /opt/airflow/dags/youtube_etl_dag.py for tasks to queue
[2024-06-18T00:04:39.395+0000] {logging_mixin.py:188} INFO - [2024-06-18T00:04:39.395+0000] {dagbag.py:545} INFO - Filling up the DagBag from /opt/airflow/dags/youtube_etl_dag.py
[2024-06-18T00:04:40.053+0000] {processor.py:840} INFO - DAG(s) 'youtube_etl_dag' retrieved from /opt/airflow/dags/youtube_etl_dag.py
[2024-06-18T00:04:40.083+0000] {logging_mixin.py:188} INFO - [2024-06-18T00:04:40.083+0000] {dag.py:3096} INFO - Sync 1 DAGs
[2024-06-18T00:04:40.104+0000] {logging_mixin.py:188} INFO - [2024-06-18T00:04:40.104+0000] {dag.py:3954} INFO - Setting next_dagrun for youtube_etl_dag to 2024-06-18 00:00:00+00:00, run_after=2024-06-19 00:00:00+00:00
[2024-06-18T00:04:40.213+0000] {processor.py:183} INFO - Processing /opt/airflow/dags/youtube_etl_dag.py took 0.827 seconds
[2024-06-18T00:05:10.807+0000] {processor.py:161} INFO - Started process (PID=7174) to work on /opt/airflow/dags/youtube_etl_dag.py
[2024-06-18T00:05:10.808+0000] {processor.py:830} INFO - Processing file /opt/airflow/dags/youtube_etl_dag.py for tasks to queue
[2024-06-18T00:05:10.811+0000] {logging_mixin.py:188} INFO - [2024-06-18T00:05:10.810+0000] {dagbag.py:545} INFO - Filling up the DagBag from /opt/airflow/dags/youtube_etl_dag.py
[2024-06-18T00:05:11.337+0000] {processor.py:840} INFO - DAG(s) 'youtube_etl_dag' retrieved from /opt/airflow/dags/youtube_etl_dag.py
[2024-06-18T00:05:11.365+0000] {logging_mixin.py:188} INFO - [2024-06-18T00:05:11.365+0000] {dag.py:3096} INFO - Sync 1 DAGs
[2024-06-18T00:05:11.387+0000] {logging_mixin.py:188} INFO - [2024-06-18T00:05:11.386+0000] {dag.py:3954} INFO - Setting next_dagrun for youtube_etl_dag to 2024-06-18 00:00:00+00:00, run_after=2024-06-19 00:00:00+00:00
[2024-06-18T00:05:11.493+0000] {processor.py:183} INFO - Processing /opt/airflow/dags/youtube_etl_dag.py took 0.692 seconds
[2024-06-18T00:06:10.343+0000] {processor.py:161} INFO - Started process (PID=7190) to work on /opt/airflow/dags/youtube_etl_dag.py
[2024-06-18T00:06:10.345+0000] {processor.py:830} INFO - Processing file /opt/airflow/dags/youtube_etl_dag.py for tasks to queue
[2024-06-18T00:06:10.347+0000] {logging_mixin.py:188} INFO - [2024-06-18T00:06:10.346+0000] {dagbag.py:545} INFO - Filling up the DagBag from /opt/airflow/dags/youtube_etl_dag.py
[2024-06-18T00:06:10.958+0000] {processor.py:840} INFO - DAG(s) 'youtube_etl_dag' retrieved from /opt/airflow/dags/youtube_etl_dag.py
[2024-06-18T00:06:10.992+0000] {logging_mixin.py:188} INFO - [2024-06-18T00:06:10.992+0000] {dag.py:3096} INFO - Sync 1 DAGs
[2024-06-18T00:06:11.013+0000] {logging_mixin.py:188} INFO - [2024-06-18T00:06:11.013+0000] {dag.py:3954} INFO - Setting next_dagrun for youtube_etl_dag to 2024-06-18 00:00:00+00:00, run_after=2024-06-19 00:00:00+00:00
[2024-06-18T00:06:11.123+0000] {processor.py:183} INFO - Processing /opt/airflow/dags/youtube_etl_dag.py took 0.789 seconds
[2024-06-18T00:06:41.879+0000] {processor.py:161} INFO - Started process (PID=7436) to work on /opt/airflow/dags/youtube_etl_dag.py
[2024-06-18T00:06:41.880+0000] {processor.py:830} INFO - Processing file /opt/airflow/dags/youtube_etl_dag.py for tasks to queue
[2024-06-18T00:06:41.881+0000] {logging_mixin.py:188} INFO - [2024-06-18T00:06:41.881+0000] {dagbag.py:545} INFO - Filling up the DagBag from /opt/airflow/dags/youtube_etl_dag.py
[2024-06-18T00:06:42.383+0000] {processor.py:840} INFO - DAG(s) 'youtube_etl_dag' retrieved from /opt/airflow/dags/youtube_etl_dag.py
[2024-06-18T00:06:42.412+0000] {logging_mixin.py:188} INFO - [2024-06-18T00:06:42.411+0000] {dag.py:3096} INFO - Sync 1 DAGs
[2024-06-18T00:06:42.432+0000] {logging_mixin.py:188} INFO - [2024-06-18T00:06:42.431+0000] {dag.py:3954} INFO - Setting next_dagrun for youtube_etl_dag to 2024-06-18 00:00:00+00:00, run_after=2024-06-19 00:00:00+00:00
[2024-06-18T00:06:42.531+0000] {processor.py:183} INFO - Processing /opt/airflow/dags/youtube_etl_dag.py took 0.657 seconds
[2024-06-18T00:07:13.050+0000] {processor.py:161} INFO - Started process (PID=7438) to work on /opt/airflow/dags/youtube_etl_dag.py
[2024-06-18T00:07:13.052+0000] {processor.py:830} INFO - Processing file /opt/airflow/dags/youtube_etl_dag.py for tasks to queue
[2024-06-18T00:07:13.053+0000] {logging_mixin.py:188} INFO - [2024-06-18T00:07:13.053+0000] {dagbag.py:545} INFO - Filling up the DagBag from /opt/airflow/dags/youtube_etl_dag.py
[2024-06-18T00:07:13.622+0000] {processor.py:840} INFO - DAG(s) 'youtube_etl_dag' retrieved from /opt/airflow/dags/youtube_etl_dag.py
[2024-06-18T00:07:13.652+0000] {logging_mixin.py:188} INFO - [2024-06-18T00:07:13.652+0000] {dag.py:3096} INFO - Sync 1 DAGs
[2024-06-18T00:07:13.680+0000] {logging_mixin.py:188} INFO - [2024-06-18T00:07:13.680+0000] {dag.py:3954} INFO - Setting next_dagrun for youtube_etl_dag to 2024-06-18 00:00:00+00:00, run_after=2024-06-19 00:00:00+00:00
[2024-06-18T00:07:13.800+0000] {processor.py:183} INFO - Processing /opt/airflow/dags/youtube_etl_dag.py took 0.757 seconds
[2024-06-18T00:07:44.231+0000] {processor.py:161} INFO - Started process (PID=7440) to work on /opt/airflow/dags/youtube_etl_dag.py
[2024-06-18T00:07:44.238+0000] {processor.py:830} INFO - Processing file /opt/airflow/dags/youtube_etl_dag.py for tasks to queue
[2024-06-18T00:07:44.242+0000] {logging_mixin.py:188} INFO - [2024-06-18T00:07:44.241+0000] {dagbag.py:545} INFO - Filling up the DagBag from /opt/airflow/dags/youtube_etl_dag.py
[2024-06-18T00:07:44.875+0000] {processor.py:840} INFO - DAG(s) 'youtube_etl_dag' retrieved from /opt/airflow/dags/youtube_etl_dag.py
[2024-06-18T00:07:44.905+0000] {logging_mixin.py:188} INFO - [2024-06-18T00:07:44.904+0000] {dag.py:3096} INFO - Sync 1 DAGs
[2024-06-18T00:07:44.928+0000] {logging_mixin.py:188} INFO - [2024-06-18T00:07:44.928+0000] {dag.py:3954} INFO - Setting next_dagrun for youtube_etl_dag to 2024-06-18 00:00:00+00:00, run_after=2024-06-19 00:00:00+00:00
[2024-06-18T00:07:45.043+0000] {processor.py:183} INFO - Processing /opt/airflow/dags/youtube_etl_dag.py took 0.819 seconds
[2024-06-18T00:08:15.501+0000] {processor.py:161} INFO - Started process (PID=7442) to work on /opt/airflow/dags/youtube_etl_dag.py
[2024-06-18T00:08:15.503+0000] {processor.py:830} INFO - Processing file /opt/airflow/dags/youtube_etl_dag.py for tasks to queue
[2024-06-18T00:08:15.504+0000] {logging_mixin.py:188} INFO - [2024-06-18T00:08:15.504+0000] {dagbag.py:545} INFO - Filling up the DagBag from /opt/airflow/dags/youtube_etl_dag.py
[2024-06-18T00:08:16.220+0000] {processor.py:840} INFO - DAG(s) 'youtube_etl_dag' retrieved from /opt/airflow/dags/youtube_etl_dag.py
[2024-06-18T00:08:16.256+0000] {logging_mixin.py:188} INFO - [2024-06-18T00:08:16.256+0000] {dag.py:3096} INFO - Sync 1 DAGs
[2024-06-18T00:08:16.285+0000] {logging_mixin.py:188} INFO - [2024-06-18T00:08:16.284+0000] {dag.py:3954} INFO - Setting next_dagrun for youtube_etl_dag to 2024-06-18 00:00:00+00:00, run_after=2024-06-19 00:00:00+00:00
[2024-06-18T00:08:16.411+0000] {processor.py:183} INFO - Processing /opt/airflow/dags/youtube_etl_dag.py took 0.918 seconds
[2024-06-18T00:08:39.619+0000] {processor.py:161} INFO - Started process (PID=7444) to work on /opt/airflow/dags/youtube_etl_dag.py
[2024-06-18T00:08:39.621+0000] {processor.py:830} INFO - Processing file /opt/airflow/dags/youtube_etl_dag.py for tasks to queue
[2024-06-18T00:08:39.624+0000] {logging_mixin.py:188} INFO - [2024-06-18T00:08:39.623+0000] {dagbag.py:545} INFO - Filling up the DagBag from /opt/airflow/dags/youtube_etl_dag.py
[2024-06-18T00:08:40.249+0000] {processor.py:840} INFO - DAG(s) 'youtube_etl_dag' retrieved from /opt/airflow/dags/youtube_etl_dag.py
[2024-06-18T00:08:40.279+0000] {logging_mixin.py:188} INFO - [2024-06-18T00:08:40.279+0000] {dag.py:3096} INFO - Sync 1 DAGs
[2024-06-18T00:08:40.301+0000] {logging_mixin.py:188} INFO - [2024-06-18T00:08:40.301+0000] {dag.py:3954} INFO - Setting next_dagrun for youtube_etl_dag to 2024-06-18 00:00:00+00:00, run_after=2024-06-19 00:00:00+00:00
[2024-06-18T00:08:40.412+0000] {processor.py:183} INFO - Processing /opt/airflow/dags/youtube_etl_dag.py took 0.801 seconds
[2024-06-18T00:09:10.804+0000] {processor.py:161} INFO - Started process (PID=7446) to work on /opt/airflow/dags/youtube_etl_dag.py
[2024-06-18T00:09:10.806+0000] {processor.py:830} INFO - Processing file /opt/airflow/dags/youtube_etl_dag.py for tasks to queue
[2024-06-18T00:09:10.808+0000] {logging_mixin.py:188} INFO - [2024-06-18T00:09:10.807+0000] {dagbag.py:545} INFO - Filling up the DagBag from /opt/airflow/dags/youtube_etl_dag.py
[2024-06-18T00:09:11.451+0000] {processor.py:840} INFO - DAG(s) 'youtube_etl_dag' retrieved from /opt/airflow/dags/youtube_etl_dag.py
[2024-06-18T00:09:11.483+0000] {logging_mixin.py:188} INFO - [2024-06-18T00:09:11.483+0000] {dag.py:3096} INFO - Sync 1 DAGs
[2024-06-18T00:09:11.506+0000] {logging_mixin.py:188} INFO - [2024-06-18T00:09:11.506+0000] {dag.py:3954} INFO - Setting next_dagrun for youtube_etl_dag to 2024-06-18 00:00:00+00:00, run_after=2024-06-19 00:00:00+00:00
[2024-06-18T00:09:11.616+0000] {processor.py:183} INFO - Processing /opt/airflow/dags/youtube_etl_dag.py took 0.820 seconds
[2024-06-18T00:10:15.707+0000] {processor.py:161} INFO - Started process (PID=7462) to work on /opt/airflow/dags/youtube_etl_dag.py
[2024-06-18T00:10:15.709+0000] {processor.py:830} INFO - Processing file /opt/airflow/dags/youtube_etl_dag.py for tasks to queue
[2024-06-18T00:10:15.711+0000] {logging_mixin.py:188} INFO - [2024-06-18T00:10:15.710+0000] {dagbag.py:545} INFO - Filling up the DagBag from /opt/airflow/dags/youtube_etl_dag.py
[2024-06-18T00:10:16.306+0000] {processor.py:840} INFO - DAG(s) 'youtube_etl_dag' retrieved from /opt/airflow/dags/youtube_etl_dag.py
[2024-06-18T00:10:16.330+0000] {logging_mixin.py:188} INFO - [2024-06-18T00:10:16.330+0000] {dag.py:3096} INFO - Sync 1 DAGs
[2024-06-18T00:10:16.354+0000] {logging_mixin.py:188} INFO - [2024-06-18T00:10:16.354+0000] {dag.py:3954} INFO - Setting next_dagrun for youtube_etl_dag to 2024-06-18 00:00:00+00:00, run_after=2024-06-19 00:00:00+00:00
[2024-06-18T00:10:16.479+0000] {processor.py:183} INFO - Processing /opt/airflow/dags/youtube_etl_dag.py took 0.779 seconds
[2024-06-18T00:10:47.338+0000] {processor.py:161} INFO - Started process (PID=7691) to work on /opt/airflow/dags/youtube_etl_dag.py
[2024-06-18T00:10:47.339+0000] {processor.py:830} INFO - Processing file /opt/airflow/dags/youtube_etl_dag.py for tasks to queue
[2024-06-18T00:10:47.341+0000] {logging_mixin.py:188} INFO - [2024-06-18T00:10:47.340+0000] {dagbag.py:545} INFO - Filling up the DagBag from /opt/airflow/dags/youtube_etl_dag.py
[2024-06-18T00:10:47.913+0000] {processor.py:840} INFO - DAG(s) 'youtube_etl_dag' retrieved from /opt/airflow/dags/youtube_etl_dag.py
[2024-06-18T00:10:47.944+0000] {logging_mixin.py:188} INFO - [2024-06-18T00:10:47.944+0000] {dag.py:3096} INFO - Sync 1 DAGs
[2024-06-18T00:10:47.964+0000] {logging_mixin.py:188} INFO - [2024-06-18T00:10:47.964+0000] {dag.py:3954} INFO - Setting next_dagrun for youtube_etl_dag to 2024-06-18 00:00:00+00:00, run_after=2024-06-19 00:00:00+00:00
[2024-06-18T00:10:48.058+0000] {processor.py:183} INFO - Processing /opt/airflow/dags/youtube_etl_dag.py took 0.725 seconds
[2024-06-18T00:11:18.416+0000] {processor.py:161} INFO - Started process (PID=7693) to work on /opt/airflow/dags/youtube_etl_dag.py
[2024-06-18T00:11:18.417+0000] {processor.py:830} INFO - Processing file /opt/airflow/dags/youtube_etl_dag.py for tasks to queue
[2024-06-18T00:11:18.418+0000] {logging_mixin.py:188} INFO - [2024-06-18T00:11:18.418+0000] {dagbag.py:545} INFO - Filling up the DagBag from /opt/airflow/dags/youtube_etl_dag.py
[2024-06-18T00:11:18.964+0000] {processor.py:840} INFO - DAG(s) 'youtube_etl_dag' retrieved from /opt/airflow/dags/youtube_etl_dag.py
[2024-06-18T00:11:18.994+0000] {logging_mixin.py:188} INFO - [2024-06-18T00:11:18.994+0000] {dag.py:3096} INFO - Sync 1 DAGs
[2024-06-18T00:11:19.017+0000] {logging_mixin.py:188} INFO - [2024-06-18T00:11:19.017+0000] {dag.py:3954} INFO - Setting next_dagrun for youtube_etl_dag to 2024-06-18 00:00:00+00:00, run_after=2024-06-19 00:00:00+00:00
[2024-06-18T00:11:19.115+0000] {processor.py:183} INFO - Processing /opt/airflow/dags/youtube_etl_dag.py took 0.704 seconds
[2024-06-18T00:11:49.577+0000] {processor.py:161} INFO - Started process (PID=7695) to work on /opt/airflow/dags/youtube_etl_dag.py
[2024-06-18T00:11:49.578+0000] {processor.py:830} INFO - Processing file /opt/airflow/dags/youtube_etl_dag.py for tasks to queue
[2024-06-18T00:11:49.581+0000] {logging_mixin.py:188} INFO - [2024-06-18T00:11:49.580+0000] {dagbag.py:545} INFO - Filling up the DagBag from /opt/airflow/dags/youtube_etl_dag.py
[2024-06-18T00:11:50.148+0000] {processor.py:840} INFO - DAG(s) 'youtube_etl_dag' retrieved from /opt/airflow/dags/youtube_etl_dag.py
[2024-06-18T00:11:50.180+0000] {logging_mixin.py:188} INFO - [2024-06-18T00:11:50.179+0000] {dag.py:3096} INFO - Sync 1 DAGs
[2024-06-18T00:11:50.205+0000] {logging_mixin.py:188} INFO - [2024-06-18T00:11:50.205+0000] {dag.py:3954} INFO - Setting next_dagrun for youtube_etl_dag to 2024-06-18 00:00:00+00:00, run_after=2024-06-19 00:00:00+00:00
[2024-06-18T00:11:50.334+0000] {processor.py:183} INFO - Processing /opt/airflow/dags/youtube_etl_dag.py took 0.766 seconds
[2024-06-18T00:12:20.734+0000] {processor.py:161} INFO - Started process (PID=7697) to work on /opt/airflow/dags/youtube_etl_dag.py
[2024-06-18T00:12:20.735+0000] {processor.py:830} INFO - Processing file /opt/airflow/dags/youtube_etl_dag.py for tasks to queue
[2024-06-18T00:12:20.738+0000] {logging_mixin.py:188} INFO - [2024-06-18T00:12:20.737+0000] {dagbag.py:545} INFO - Filling up the DagBag from /opt/airflow/dags/youtube_etl_dag.py
[2024-06-18T00:12:21.306+0000] {processor.py:840} INFO - DAG(s) 'youtube_etl_dag' retrieved from /opt/airflow/dags/youtube_etl_dag.py
[2024-06-18T00:12:21.340+0000] {logging_mixin.py:188} INFO - [2024-06-18T00:12:21.340+0000] {dag.py:3096} INFO - Sync 1 DAGs
[2024-06-18T00:12:21.362+0000] {logging_mixin.py:188} INFO - [2024-06-18T00:12:21.362+0000] {dag.py:3954} INFO - Setting next_dagrun for youtube_etl_dag to 2024-06-18 00:00:00+00:00, run_after=2024-06-19 00:00:00+00:00
[2024-06-18T00:12:21.476+0000] {processor.py:183} INFO - Processing /opt/airflow/dags/youtube_etl_dag.py took 0.750 seconds
[2024-06-18T00:12:51.815+0000] {processor.py:161} INFO - Started process (PID=7699) to work on /opt/airflow/dags/youtube_etl_dag.py
[2024-06-18T00:12:51.817+0000] {processor.py:830} INFO - Processing file /opt/airflow/dags/youtube_etl_dag.py for tasks to queue
[2024-06-18T00:12:51.819+0000] {logging_mixin.py:188} INFO - [2024-06-18T00:12:51.818+0000] {dagbag.py:545} INFO - Filling up the DagBag from /opt/airflow/dags/youtube_etl_dag.py
[2024-06-18T00:12:52.377+0000] {processor.py:840} INFO - DAG(s) 'youtube_etl_dag' retrieved from /opt/airflow/dags/youtube_etl_dag.py
[2024-06-18T00:12:52.411+0000] {logging_mixin.py:188} INFO - [2024-06-18T00:12:52.411+0000] {dag.py:3096} INFO - Sync 1 DAGs
[2024-06-18T00:12:52.433+0000] {logging_mixin.py:188} INFO - [2024-06-18T00:12:52.433+0000] {dag.py:3954} INFO - Setting next_dagrun for youtube_etl_dag to 2024-06-18 00:00:00+00:00, run_after=2024-06-19 00:00:00+00:00
[2024-06-18T00:12:52.557+0000] {processor.py:183} INFO - Processing /opt/airflow/dags/youtube_etl_dag.py took 0.749 seconds
[2024-06-18T00:13:22.966+0000] {processor.py:161} INFO - Started process (PID=7701) to work on /opt/airflow/dags/youtube_etl_dag.py
[2024-06-18T00:13:22.968+0000] {processor.py:830} INFO - Processing file /opt/airflow/dags/youtube_etl_dag.py for tasks to queue
[2024-06-18T00:13:22.969+0000] {logging_mixin.py:188} INFO - [2024-06-18T00:13:22.969+0000] {dagbag.py:545} INFO - Filling up the DagBag from /opt/airflow/dags/youtube_etl_dag.py
[2024-06-18T00:13:23.603+0000] {processor.py:840} INFO - DAG(s) 'youtube_etl_dag' retrieved from /opt/airflow/dags/youtube_etl_dag.py
[2024-06-18T00:13:23.631+0000] {logging_mixin.py:188} INFO - [2024-06-18T00:13:23.631+0000] {dag.py:3096} INFO - Sync 1 DAGs
[2024-06-18T00:13:23.656+0000] {logging_mixin.py:188} INFO - [2024-06-18T00:13:23.656+0000] {dag.py:3954} INFO - Setting next_dagrun for youtube_etl_dag to 2024-06-18 00:00:00+00:00, run_after=2024-06-19 00:00:00+00:00
[2024-06-18T00:13:23.742+0000] {processor.py:183} INFO - Processing /opt/airflow/dags/youtube_etl_dag.py took 0.782 seconds
[2024-06-18T00:13:54.096+0000] {processor.py:161} INFO - Started process (PID=7703) to work on /opt/airflow/dags/youtube_etl_dag.py
[2024-06-18T00:13:54.098+0000] {processor.py:830} INFO - Processing file /opt/airflow/dags/youtube_etl_dag.py for tasks to queue
[2024-06-18T00:13:54.100+0000] {logging_mixin.py:188} INFO - [2024-06-18T00:13:54.099+0000] {dagbag.py:545} INFO - Filling up the DagBag from /opt/airflow/dags/youtube_etl_dag.py
[2024-06-18T00:13:54.676+0000] {processor.py:840} INFO - DAG(s) 'youtube_etl_dag' retrieved from /opt/airflow/dags/youtube_etl_dag.py
[2024-06-18T00:13:54.702+0000] {logging_mixin.py:188} INFO - [2024-06-18T00:13:54.701+0000] {dag.py:3096} INFO - Sync 1 DAGs
[2024-06-18T00:13:54.721+0000] {logging_mixin.py:188} INFO - [2024-06-18T00:13:54.721+0000] {dag.py:3954} INFO - Setting next_dagrun for youtube_etl_dag to 2024-06-18 00:00:00+00:00, run_after=2024-06-19 00:00:00+00:00
[2024-06-18T00:13:54.817+0000] {processor.py:183} INFO - Processing /opt/airflow/dags/youtube_etl_dag.py took 0.725 seconds
[2024-06-18T00:14:25.244+0000] {processor.py:161} INFO - Started process (PID=7705) to work on /opt/airflow/dags/youtube_etl_dag.py
[2024-06-18T00:14:25.246+0000] {processor.py:830} INFO - Processing file /opt/airflow/dags/youtube_etl_dag.py for tasks to queue
[2024-06-18T00:14:25.247+0000] {logging_mixin.py:188} INFO - [2024-06-18T00:14:25.247+0000] {dagbag.py:545} INFO - Filling up the DagBag from /opt/airflow/dags/youtube_etl_dag.py
[2024-06-18T00:14:25.844+0000] {processor.py:840} INFO - DAG(s) 'youtube_etl_dag' retrieved from /opt/airflow/dags/youtube_etl_dag.py
[2024-06-18T00:14:25.869+0000] {logging_mixin.py:188} INFO - [2024-06-18T00:14:25.869+0000] {dag.py:3096} INFO - Sync 1 DAGs
[2024-06-18T00:14:25.890+0000] {logging_mixin.py:188} INFO - [2024-06-18T00:14:25.890+0000] {dag.py:3954} INFO - Setting next_dagrun for youtube_etl_dag to 2024-06-18 00:00:00+00:00, run_after=2024-06-19 00:00:00+00:00
[2024-06-18T00:14:25.982+0000] {processor.py:183} INFO - Processing /opt/airflow/dags/youtube_etl_dag.py took 0.746 seconds
[2024-06-18T00:14:56.336+0000] {processor.py:161} INFO - Started process (PID=7707) to work on /opt/airflow/dags/youtube_etl_dag.py
[2024-06-18T00:14:56.338+0000] {processor.py:830} INFO - Processing file /opt/airflow/dags/youtube_etl_dag.py for tasks to queue
[2024-06-18T00:14:56.340+0000] {logging_mixin.py:188} INFO - [2024-06-18T00:14:56.339+0000] {dagbag.py:545} INFO - Filling up the DagBag from /opt/airflow/dags/youtube_etl_dag.py
[2024-06-18T00:14:56.956+0000] {processor.py:840} INFO - DAG(s) 'youtube_etl_dag' retrieved from /opt/airflow/dags/youtube_etl_dag.py
[2024-06-18T00:14:56.983+0000] {logging_mixin.py:188} INFO - [2024-06-18T00:14:56.983+0000] {dag.py:3096} INFO - Sync 1 DAGs
[2024-06-18T00:14:57.004+0000] {logging_mixin.py:188} INFO - [2024-06-18T00:14:57.003+0000] {dag.py:3954} INFO - Setting next_dagrun for youtube_etl_dag to 2024-06-18 00:00:00+00:00, run_after=2024-06-19 00:00:00+00:00
[2024-06-18T00:14:57.114+0000] {processor.py:183} INFO - Processing /opt/airflow/dags/youtube_etl_dag.py took 0.785 seconds
[2024-06-18T00:15:27.546+0000] {processor.py:161} INFO - Started process (PID=7709) to work on /opt/airflow/dags/youtube_etl_dag.py
[2024-06-18T00:15:27.547+0000] {processor.py:830} INFO - Processing file /opt/airflow/dags/youtube_etl_dag.py for tasks to queue
[2024-06-18T00:15:27.549+0000] {logging_mixin.py:188} INFO - [2024-06-18T00:15:27.548+0000] {dagbag.py:545} INFO - Filling up the DagBag from /opt/airflow/dags/youtube_etl_dag.py
[2024-06-18T00:15:28.124+0000] {processor.py:840} INFO - DAG(s) 'youtube_etl_dag' retrieved from /opt/airflow/dags/youtube_etl_dag.py
[2024-06-18T00:15:28.155+0000] {logging_mixin.py:188} INFO - [2024-06-18T00:15:28.154+0000] {dag.py:3096} INFO - Sync 1 DAGs
[2024-06-18T00:15:28.176+0000] {logging_mixin.py:188} INFO - [2024-06-18T00:15:28.176+0000] {dag.py:3954} INFO - Setting next_dagrun for youtube_etl_dag to 2024-06-18 00:00:00+00:00, run_after=2024-06-19 00:00:00+00:00
[2024-06-18T00:15:28.299+0000] {processor.py:183} INFO - Processing /opt/airflow/dags/youtube_etl_dag.py took 0.762 seconds
[2024-06-18T00:15:43.569+0000] {processor.py:161} INFO - Started process (PID=7711) to work on /opt/airflow/dags/youtube_etl_dag.py
[2024-06-18T00:15:43.570+0000] {processor.py:830} INFO - Processing file /opt/airflow/dags/youtube_etl_dag.py for tasks to queue
[2024-06-18T00:15:43.571+0000] {logging_mixin.py:188} INFO - [2024-06-18T00:15:43.571+0000] {dagbag.py:545} INFO - Filling up the DagBag from /opt/airflow/dags/youtube_etl_dag.py
[2024-06-18T00:15:44.239+0000] {processor.py:840} INFO - DAG(s) 'youtube_etl_dag' retrieved from /opt/airflow/dags/youtube_etl_dag.py
[2024-06-18T00:15:44.362+0000] {logging_mixin.py:188} INFO - [2024-06-18T00:15:44.361+0000] {dag.py:3096} INFO - Sync 1 DAGs
[2024-06-18T00:15:44.385+0000] {logging_mixin.py:188} INFO - [2024-06-18T00:15:44.384+0000] {dag.py:3954} INFO - Setting next_dagrun for youtube_etl_dag to 2024-06-18 00:00:00+00:00, run_after=2024-06-19 00:00:00+00:00
[2024-06-18T00:15:44.519+0000] {processor.py:183} INFO - Processing /opt/airflow/dags/youtube_etl_dag.py took 0.955 seconds
[2024-06-18T00:16:14.929+0000] {processor.py:161} INFO - Started process (PID=7713) to work on /opt/airflow/dags/youtube_etl_dag.py
[2024-06-18T00:16:14.930+0000] {processor.py:830} INFO - Processing file /opt/airflow/dags/youtube_etl_dag.py for tasks to queue
[2024-06-18T00:16:14.932+0000] {logging_mixin.py:188} INFO - [2024-06-18T00:16:14.932+0000] {dagbag.py:545} INFO - Filling up the DagBag from /opt/airflow/dags/youtube_etl_dag.py
[2024-06-18T00:16:15.529+0000] {processor.py:840} INFO - DAG(s) 'youtube_etl_dag' retrieved from /opt/airflow/dags/youtube_etl_dag.py
[2024-06-18T00:16:15.560+0000] {logging_mixin.py:188} INFO - [2024-06-18T00:16:15.560+0000] {dag.py:3096} INFO - Sync 1 DAGs
[2024-06-18T00:16:15.596+0000] {logging_mixin.py:188} INFO - [2024-06-18T00:16:15.596+0000] {dag.py:3954} INFO - Setting next_dagrun for youtube_etl_dag to 2024-06-18 00:00:00+00:00, run_after=2024-06-19 00:00:00+00:00
[2024-06-18T00:16:15.711+0000] {processor.py:183} INFO - Processing /opt/airflow/dags/youtube_etl_dag.py took 0.790 seconds
[2024-06-18T00:16:18.171+0000] {processor.py:161} INFO - Started process (PID=7715) to work on /opt/airflow/dags/youtube_etl_dag.py
[2024-06-18T00:16:18.172+0000] {processor.py:830} INFO - Processing file /opt/airflow/dags/youtube_etl_dag.py for tasks to queue
[2024-06-18T00:16:18.174+0000] {logging_mixin.py:188} INFO - [2024-06-18T00:16:18.173+0000] {dagbag.py:545} INFO - Filling up the DagBag from /opt/airflow/dags/youtube_etl_dag.py
[2024-06-18T00:16:18.836+0000] {processor.py:840} INFO - DAG(s) 'youtube_etl_dag' retrieved from /opt/airflow/dags/youtube_etl_dag.py
[2024-06-18T00:16:18.959+0000] {logging_mixin.py:188} INFO - [2024-06-18T00:16:18.959+0000] {dag.py:3096} INFO - Sync 1 DAGs
[2024-06-18T00:16:18.986+0000] {logging_mixin.py:188} INFO - [2024-06-18T00:16:18.985+0000] {dag.py:3954} INFO - Setting next_dagrun for youtube_etl_dag to 2024-06-18 00:00:00+00:00, run_after=2024-06-19 00:00:00+00:00
[2024-06-18T00:16:19.134+0000] {processor.py:183} INFO - Processing /opt/airflow/dags/youtube_etl_dag.py took 0.970 seconds
[2024-06-18T00:16:49.560+0000] {processor.py:161} INFO - Started process (PID=7717) to work on /opt/airflow/dags/youtube_etl_dag.py
[2024-06-18T00:16:49.563+0000] {processor.py:830} INFO - Processing file /opt/airflow/dags/youtube_etl_dag.py for tasks to queue
[2024-06-18T00:16:49.565+0000] {logging_mixin.py:188} INFO - [2024-06-18T00:16:49.564+0000] {dagbag.py:545} INFO - Filling up the DagBag from /opt/airflow/dags/youtube_etl_dag.py
[2024-06-18T00:16:50.243+0000] {processor.py:840} INFO - DAG(s) 'youtube_etl_dag' retrieved from /opt/airflow/dags/youtube_etl_dag.py
[2024-06-18T00:16:50.279+0000] {logging_mixin.py:188} INFO - [2024-06-18T00:16:50.278+0000] {dag.py:3096} INFO - Sync 1 DAGs
[2024-06-18T00:16:50.306+0000] {logging_mixin.py:188} INFO - [2024-06-18T00:16:50.306+0000] {dag.py:3954} INFO - Setting next_dagrun for youtube_etl_dag to 2024-06-18 00:00:00+00:00, run_after=2024-06-19 00:00:00+00:00
[2024-06-18T00:16:50.432+0000] {processor.py:183} INFO - Processing /opt/airflow/dags/youtube_etl_dag.py took 0.883 seconds
[2024-06-18T00:17:21.220+0000] {processor.py:161} INFO - Started process (PID=7719) to work on /opt/airflow/dags/youtube_etl_dag.py
[2024-06-18T00:17:21.222+0000] {processor.py:830} INFO - Processing file /opt/airflow/dags/youtube_etl_dag.py for tasks to queue
[2024-06-18T00:17:21.223+0000] {logging_mixin.py:188} INFO - [2024-06-18T00:17:21.223+0000] {dagbag.py:545} INFO - Filling up the DagBag from /opt/airflow/dags/youtube_etl_dag.py
[2024-06-18T00:17:21.803+0000] {processor.py:840} INFO - DAG(s) 'youtube_etl_dag' retrieved from /opt/airflow/dags/youtube_etl_dag.py
[2024-06-18T00:17:21.836+0000] {logging_mixin.py:188} INFO - [2024-06-18T00:17:21.836+0000] {dag.py:3096} INFO - Sync 1 DAGs
[2024-06-18T00:17:21.860+0000] {logging_mixin.py:188} INFO - [2024-06-18T00:17:21.860+0000] {dag.py:3954} INFO - Setting next_dagrun for youtube_etl_dag to 2024-06-18 00:00:00+00:00, run_after=2024-06-19 00:00:00+00:00
[2024-06-18T00:17:21.981+0000] {processor.py:183} INFO - Processing /opt/airflow/dags/youtube_etl_dag.py took 0.770 seconds
[2024-06-18T00:17:52.579+0000] {processor.py:161} INFO - Started process (PID=7721) to work on /opt/airflow/dags/youtube_etl_dag.py
[2024-06-18T00:17:52.581+0000] {processor.py:830} INFO - Processing file /opt/airflow/dags/youtube_etl_dag.py for tasks to queue
[2024-06-18T00:17:52.583+0000] {logging_mixin.py:188} INFO - [2024-06-18T00:17:52.583+0000] {dagbag.py:545} INFO - Filling up the DagBag from /opt/airflow/dags/youtube_etl_dag.py
[2024-06-18T00:17:53.230+0000] {processor.py:840} INFO - DAG(s) 'youtube_etl_dag' retrieved from /opt/airflow/dags/youtube_etl_dag.py
[2024-06-18T00:17:53.305+0000] {logging_mixin.py:188} INFO - [2024-06-18T00:17:53.305+0000] {dag.py:3096} INFO - Sync 1 DAGs
[2024-06-18T00:17:53.377+0000] {logging_mixin.py:188} INFO - [2024-06-18T00:17:53.377+0000] {dag.py:3954} INFO - Setting next_dagrun for youtube_etl_dag to 2024-06-18 00:00:00+00:00, run_after=2024-06-19 00:00:00+00:00
[2024-06-18T00:17:53.533+0000] {processor.py:183} INFO - Processing /opt/airflow/dags/youtube_etl_dag.py took 0.966 seconds
[2024-06-18T00:17:55.989+0000] {processor.py:161} INFO - Started process (PID=7723) to work on /opt/airflow/dags/youtube_etl_dag.py
[2024-06-18T00:17:55.990+0000] {processor.py:830} INFO - Processing file /opt/airflow/dags/youtube_etl_dag.py for tasks to queue
[2024-06-18T00:17:55.992+0000] {logging_mixin.py:188} INFO - [2024-06-18T00:17:55.992+0000] {dagbag.py:545} INFO - Filling up the DagBag from /opt/airflow/dags/youtube_etl_dag.py
[2024-06-18T00:17:56.620+0000] {processor.py:840} INFO - DAG(s) 'youtube_etl_dag' retrieved from /opt/airflow/dags/youtube_etl_dag.py
[2024-06-18T00:17:56.740+0000] {logging_mixin.py:188} INFO - [2024-06-18T00:17:56.740+0000] {dag.py:3096} INFO - Sync 1 DAGs
[2024-06-18T00:17:56.765+0000] {logging_mixin.py:188} INFO - [2024-06-18T00:17:56.765+0000] {dag.py:3954} INFO - Setting next_dagrun for youtube_etl_dag to 2024-06-18 00:00:00+00:00, run_after=2024-06-19 00:00:00+00:00
[2024-06-18T00:17:56.909+0000] {processor.py:183} INFO - Processing /opt/airflow/dags/youtube_etl_dag.py took 0.928 seconds
[2024-06-18T00:18:27.083+0000] {processor.py:161} INFO - Started process (PID=7725) to work on /opt/airflow/dags/youtube_etl_dag.py
[2024-06-18T00:18:27.085+0000] {processor.py:830} INFO - Processing file /opt/airflow/dags/youtube_etl_dag.py for tasks to queue
[2024-06-18T00:18:27.086+0000] {logging_mixin.py:188} INFO - [2024-06-18T00:18:27.085+0000] {dagbag.py:545} INFO - Filling up the DagBag from /opt/airflow/dags/youtube_etl_dag.py
[2024-06-18T00:18:27.654+0000] {processor.py:840} INFO - DAG(s) 'youtube_etl_dag' retrieved from /opt/airflow/dags/youtube_etl_dag.py
[2024-06-18T00:18:27.682+0000] {logging_mixin.py:188} INFO - [2024-06-18T00:18:27.682+0000] {dag.py:3096} INFO - Sync 1 DAGs
[2024-06-18T00:18:27.706+0000] {logging_mixin.py:188} INFO - [2024-06-18T00:18:27.706+0000] {dag.py:3954} INFO - Setting next_dagrun for youtube_etl_dag to 2024-06-18 00:00:00+00:00, run_after=2024-06-19 00:00:00+00:00
[2024-06-18T00:18:27.806+0000] {processor.py:183} INFO - Processing /opt/airflow/dags/youtube_etl_dag.py took 0.731 seconds
[2024-06-18T00:18:58.375+0000] {processor.py:161} INFO - Started process (PID=7727) to work on /opt/airflow/dags/youtube_etl_dag.py
[2024-06-18T00:18:58.377+0000] {processor.py:830} INFO - Processing file /opt/airflow/dags/youtube_etl_dag.py for tasks to queue
[2024-06-18T00:18:58.379+0000] {logging_mixin.py:188} INFO - [2024-06-18T00:18:58.378+0000] {dagbag.py:545} INFO - Filling up the DagBag from /opt/airflow/dags/youtube_etl_dag.py
[2024-06-18T00:18:59.036+0000] {processor.py:840} INFO - DAG(s) 'youtube_etl_dag' retrieved from /opt/airflow/dags/youtube_etl_dag.py
[2024-06-18T00:18:59.064+0000] {logging_mixin.py:188} INFO - [2024-06-18T00:18:59.064+0000] {dag.py:3096} INFO - Sync 1 DAGs
[2024-06-18T00:18:59.086+0000] {logging_mixin.py:188} INFO - [2024-06-18T00:18:59.085+0000] {dag.py:3954} INFO - Setting next_dagrun for youtube_etl_dag to 2024-06-18 00:00:00+00:00, run_after=2024-06-19 00:00:00+00:00
[2024-06-18T00:18:59.198+0000] {processor.py:183} INFO - Processing /opt/airflow/dags/youtube_etl_dag.py took 0.831 seconds
[2024-06-18T00:19:29.649+0000] {processor.py:161} INFO - Started process (PID=7729) to work on /opt/airflow/dags/youtube_etl_dag.py
[2024-06-18T00:19:29.650+0000] {processor.py:830} INFO - Processing file /opt/airflow/dags/youtube_etl_dag.py for tasks to queue
[2024-06-18T00:19:29.653+0000] {logging_mixin.py:188} INFO - [2024-06-18T00:19:29.652+0000] {dagbag.py:545} INFO - Filling up the DagBag from /opt/airflow/dags/youtube_etl_dag.py
[2024-06-18T00:19:30.269+0000] {processor.py:840} INFO - DAG(s) 'youtube_etl_dag' retrieved from /opt/airflow/dags/youtube_etl_dag.py
[2024-06-18T00:19:30.296+0000] {logging_mixin.py:188} INFO - [2024-06-18T00:19:30.296+0000] {dag.py:3096} INFO - Sync 1 DAGs
[2024-06-18T00:19:30.319+0000] {logging_mixin.py:188} INFO - [2024-06-18T00:19:30.319+0000] {dag.py:3954} INFO - Setting next_dagrun for youtube_etl_dag to 2024-06-18 00:00:00+00:00, run_after=2024-06-19 00:00:00+00:00
[2024-06-18T00:19:30.416+0000] {processor.py:183} INFO - Processing /opt/airflow/dags/youtube_etl_dag.py took 0.776 seconds
[2024-06-18T00:20:00.955+0000] {processor.py:161} INFO - Started process (PID=7731) to work on /opt/airflow/dags/youtube_etl_dag.py
[2024-06-18T00:20:00.957+0000] {processor.py:830} INFO - Processing file /opt/airflow/dags/youtube_etl_dag.py for tasks to queue
[2024-06-18T00:20:00.958+0000] {logging_mixin.py:188} INFO - [2024-06-18T00:20:00.958+0000] {dagbag.py:545} INFO - Filling up the DagBag from /opt/airflow/dags/youtube_etl_dag.py
[2024-06-18T00:20:01.563+0000] {processor.py:840} INFO - DAG(s) 'youtube_etl_dag' retrieved from /opt/airflow/dags/youtube_etl_dag.py
[2024-06-18T00:20:01.599+0000] {logging_mixin.py:188} INFO - [2024-06-18T00:20:01.599+0000] {dag.py:3096} INFO - Sync 1 DAGs
[2024-06-18T00:20:01.622+0000] {logging_mixin.py:188} INFO - [2024-06-18T00:20:01.622+0000] {dag.py:3954} INFO - Setting next_dagrun for youtube_etl_dag to 2024-06-18 00:00:00+00:00, run_after=2024-06-19 00:00:00+00:00
[2024-06-18T00:20:01.731+0000] {processor.py:183} INFO - Processing /opt/airflow/dags/youtube_etl_dag.py took 0.786 seconds
[2024-06-18T00:20:32.387+0000] {processor.py:161} INFO - Started process (PID=7733) to work on /opt/airflow/dags/youtube_etl_dag.py
[2024-06-18T00:20:32.388+0000] {processor.py:830} INFO - Processing file /opt/airflow/dags/youtube_etl_dag.py for tasks to queue
[2024-06-18T00:20:32.389+0000] {logging_mixin.py:188} INFO - [2024-06-18T00:20:32.389+0000] {dagbag.py:545} INFO - Filling up the DagBag from /opt/airflow/dags/youtube_etl_dag.py
[2024-06-18T00:20:32.966+0000] {processor.py:840} INFO - DAG(s) 'youtube_etl_dag' retrieved from /opt/airflow/dags/youtube_etl_dag.py
[2024-06-18T00:20:32.994+0000] {logging_mixin.py:188} INFO - [2024-06-18T00:20:32.993+0000] {dag.py:3096} INFO - Sync 1 DAGs
[2024-06-18T00:20:33.016+0000] {logging_mixin.py:188} INFO - [2024-06-18T00:20:33.015+0000] {dag.py:3954} INFO - Setting next_dagrun for youtube_etl_dag to 2024-06-18 00:00:00+00:00, run_after=2024-06-19 00:00:00+00:00
[2024-06-18T00:20:33.135+0000] {processor.py:183} INFO - Processing /opt/airflow/dags/youtube_etl_dag.py took 0.755 seconds
[2024-06-18T00:21:03.773+0000] {processor.py:161} INFO - Started process (PID=7735) to work on /opt/airflow/dags/youtube_etl_dag.py
[2024-06-18T00:21:03.774+0000] {processor.py:830} INFO - Processing file /opt/airflow/dags/youtube_etl_dag.py for tasks to queue
[2024-06-18T00:21:03.776+0000] {logging_mixin.py:188} INFO - [2024-06-18T00:21:03.775+0000] {dagbag.py:545} INFO - Filling up the DagBag from /opt/airflow/dags/youtube_etl_dag.py
[2024-06-18T00:21:04.369+0000] {processor.py:840} INFO - DAG(s) 'youtube_etl_dag' retrieved from /opt/airflow/dags/youtube_etl_dag.py
[2024-06-18T00:21:04.400+0000] {logging_mixin.py:188} INFO - [2024-06-18T00:21:04.399+0000] {dag.py:3096} INFO - Sync 1 DAGs
[2024-06-18T00:21:04.422+0000] {logging_mixin.py:188} INFO - [2024-06-18T00:21:04.422+0000] {dag.py:3954} INFO - Setting next_dagrun for youtube_etl_dag to 2024-06-18 00:00:00+00:00, run_after=2024-06-19 00:00:00+00:00
[2024-06-18T00:21:04.514+0000] {processor.py:183} INFO - Processing /opt/airflow/dags/youtube_etl_dag.py took 0.746 seconds
[2024-06-18T00:21:34.916+0000] {processor.py:161} INFO - Started process (PID=7737) to work on /opt/airflow/dags/youtube_etl_dag.py
[2024-06-18T00:21:34.917+0000] {processor.py:830} INFO - Processing file /opt/airflow/dags/youtube_etl_dag.py for tasks to queue
[2024-06-18T00:21:34.918+0000] {logging_mixin.py:188} INFO - [2024-06-18T00:21:34.918+0000] {dagbag.py:545} INFO - Filling up the DagBag from /opt/airflow/dags/youtube_etl_dag.py
[2024-06-18T00:21:35.515+0000] {processor.py:840} INFO - DAG(s) 'youtube_etl_dag' retrieved from /opt/airflow/dags/youtube_etl_dag.py
[2024-06-18T00:21:35.552+0000] {logging_mixin.py:188} INFO - [2024-06-18T00:21:35.551+0000] {dag.py:3096} INFO - Sync 1 DAGs
[2024-06-18T00:21:35.579+0000] {logging_mixin.py:188} INFO - [2024-06-18T00:21:35.579+0000] {dag.py:3954} INFO - Setting next_dagrun for youtube_etl_dag to 2024-06-18 00:00:00+00:00, run_after=2024-06-19 00:00:00+00:00
[2024-06-18T00:21:35.692+0000] {processor.py:183} INFO - Processing /opt/airflow/dags/youtube_etl_dag.py took 0.782 seconds
[2024-06-18T00:22:06.037+0000] {processor.py:161} INFO - Started process (PID=7739) to work on /opt/airflow/dags/youtube_etl_dag.py
[2024-06-18T00:22:06.040+0000] {processor.py:830} INFO - Processing file /opt/airflow/dags/youtube_etl_dag.py for tasks to queue
[2024-06-18T00:22:06.042+0000] {logging_mixin.py:188} INFO - [2024-06-18T00:22:06.042+0000] {dagbag.py:545} INFO - Filling up the DagBag from /opt/airflow/dags/youtube_etl_dag.py
[2024-06-18T00:22:06.956+0000] {processor.py:840} INFO - DAG(s) 'youtube_etl_dag' retrieved from /opt/airflow/dags/youtube_etl_dag.py
[2024-06-18T00:22:06.986+0000] {logging_mixin.py:188} INFO - [2024-06-18T00:22:06.986+0000] {dag.py:3096} INFO - Sync 1 DAGs
[2024-06-18T00:22:07.015+0000] {logging_mixin.py:188} INFO - [2024-06-18T00:22:07.015+0000] {dag.py:3954} INFO - Setting next_dagrun for youtube_etl_dag to 2024-06-18 00:00:00+00:00, run_after=2024-06-19 00:00:00+00:00
[2024-06-18T00:22:07.106+0000] {processor.py:183} INFO - Processing /opt/airflow/dags/youtube_etl_dag.py took 1.085 seconds
[2024-06-18T00:22:37.600+0000] {processor.py:161} INFO - Started process (PID=7741) to work on /opt/airflow/dags/youtube_etl_dag.py
[2024-06-18T00:22:37.602+0000] {processor.py:830} INFO - Processing file /opt/airflow/dags/youtube_etl_dag.py for tasks to queue
[2024-06-18T00:22:37.604+0000] {logging_mixin.py:188} INFO - [2024-06-18T00:22:37.603+0000] {dagbag.py:545} INFO - Filling up the DagBag from /opt/airflow/dags/youtube_etl_dag.py
[2024-06-18T00:22:38.204+0000] {processor.py:840} INFO - DAG(s) 'youtube_etl_dag' retrieved from /opt/airflow/dags/youtube_etl_dag.py
[2024-06-18T00:22:38.237+0000] {logging_mixin.py:188} INFO - [2024-06-18T00:22:38.236+0000] {dag.py:3096} INFO - Sync 1 DAGs
[2024-06-18T00:22:38.259+0000] {logging_mixin.py:188} INFO - [2024-06-18T00:22:38.259+0000] {dag.py:3954} INFO - Setting next_dagrun for youtube_etl_dag to 2024-06-18 00:00:00+00:00, run_after=2024-06-19 00:00:00+00:00
[2024-06-18T00:22:38.350+0000] {processor.py:183} INFO - Processing /opt/airflow/dags/youtube_etl_dag.py took 0.757 seconds
[2024-06-18T00:23:08.681+0000] {processor.py:161} INFO - Started process (PID=7743) to work on /opt/airflow/dags/youtube_etl_dag.py
[2024-06-18T00:23:08.682+0000] {processor.py:830} INFO - Processing file /opt/airflow/dags/youtube_etl_dag.py for tasks to queue
[2024-06-18T00:23:08.684+0000] {logging_mixin.py:188} INFO - [2024-06-18T00:23:08.684+0000] {dagbag.py:545} INFO - Filling up the DagBag from /opt/airflow/dags/youtube_etl_dag.py
[2024-06-18T00:23:09.269+0000] {processor.py:840} INFO - DAG(s) 'youtube_etl_dag' retrieved from /opt/airflow/dags/youtube_etl_dag.py
[2024-06-18T00:23:09.296+0000] {logging_mixin.py:188} INFO - [2024-06-18T00:23:09.296+0000] {dag.py:3096} INFO - Sync 1 DAGs
[2024-06-18T00:23:09.319+0000] {logging_mixin.py:188} INFO - [2024-06-18T00:23:09.319+0000] {dag.py:3954} INFO - Setting next_dagrun for youtube_etl_dag to 2024-06-18 00:00:00+00:00, run_after=2024-06-19 00:00:00+00:00
[2024-06-18T00:23:09.441+0000] {processor.py:183} INFO - Processing /opt/airflow/dags/youtube_etl_dag.py took 0.766 seconds
[2024-06-18T00:23:39.708+0000] {processor.py:161} INFO - Started process (PID=7745) to work on /opt/airflow/dags/youtube_etl_dag.py
[2024-06-18T00:23:39.709+0000] {processor.py:830} INFO - Processing file /opt/airflow/dags/youtube_etl_dag.py for tasks to queue
[2024-06-18T00:23:39.711+0000] {logging_mixin.py:188} INFO - [2024-06-18T00:23:39.710+0000] {dagbag.py:545} INFO - Filling up the DagBag from /opt/airflow/dags/youtube_etl_dag.py
[2024-06-18T00:23:40.317+0000] {processor.py:840} INFO - DAG(s) 'youtube_etl_dag' retrieved from /opt/airflow/dags/youtube_etl_dag.py
[2024-06-18T00:23:40.347+0000] {logging_mixin.py:188} INFO - [2024-06-18T00:23:40.347+0000] {dag.py:3096} INFO - Sync 1 DAGs
[2024-06-18T00:23:40.370+0000] {logging_mixin.py:188} INFO - [2024-06-18T00:23:40.369+0000] {dag.py:3954} INFO - Setting next_dagrun for youtube_etl_dag to 2024-06-18 00:00:00+00:00, run_after=2024-06-19 00:00:00+00:00
[2024-06-18T00:23:40.443+0000] {processor.py:183} INFO - Processing /opt/airflow/dags/youtube_etl_dag.py took 0.741 seconds
[2024-06-18T00:24:10.750+0000] {processor.py:161} INFO - Started process (PID=7747) to work on /opt/airflow/dags/youtube_etl_dag.py
[2024-06-18T00:24:10.751+0000] {processor.py:830} INFO - Processing file /opt/airflow/dags/youtube_etl_dag.py for tasks to queue
[2024-06-18T00:24:10.752+0000] {logging_mixin.py:188} INFO - [2024-06-18T00:24:10.752+0000] {dagbag.py:545} INFO - Filling up the DagBag from /opt/airflow/dags/youtube_etl_dag.py
[2024-06-18T00:24:11.373+0000] {processor.py:840} INFO - DAG(s) 'youtube_etl_dag' retrieved from /opt/airflow/dags/youtube_etl_dag.py
[2024-06-18T00:24:11.400+0000] {logging_mixin.py:188} INFO - [2024-06-18T00:24:11.400+0000] {dag.py:3096} INFO - Sync 1 DAGs
[2024-06-18T00:24:11.421+0000] {logging_mixin.py:188} INFO - [2024-06-18T00:24:11.421+0000] {dag.py:3954} INFO - Setting next_dagrun for youtube_etl_dag to 2024-06-18 00:00:00+00:00, run_after=2024-06-19 00:00:00+00:00
[2024-06-18T00:24:11.529+0000] {processor.py:183} INFO - Processing /opt/airflow/dags/youtube_etl_dag.py took 0.786 seconds
[2024-06-18T00:24:41.919+0000] {processor.py:161} INFO - Started process (PID=7749) to work on /opt/airflow/dags/youtube_etl_dag.py
[2024-06-18T00:24:41.920+0000] {processor.py:830} INFO - Processing file /opt/airflow/dags/youtube_etl_dag.py for tasks to queue
[2024-06-18T00:24:41.922+0000] {logging_mixin.py:188} INFO - [2024-06-18T00:24:41.921+0000] {dagbag.py:545} INFO - Filling up the DagBag from /opt/airflow/dags/youtube_etl_dag.py
[2024-06-18T00:24:42.517+0000] {processor.py:840} INFO - DAG(s) 'youtube_etl_dag' retrieved from /opt/airflow/dags/youtube_etl_dag.py
[2024-06-18T00:24:42.548+0000] {logging_mixin.py:188} INFO - [2024-06-18T00:24:42.547+0000] {dag.py:3096} INFO - Sync 1 DAGs
[2024-06-18T00:24:42.569+0000] {logging_mixin.py:188} INFO - [2024-06-18T00:24:42.569+0000] {dag.py:3954} INFO - Setting next_dagrun for youtube_etl_dag to 2024-06-18 00:00:00+00:00, run_after=2024-06-19 00:00:00+00:00
[2024-06-18T00:24:42.701+0000] {processor.py:183} INFO - Processing /opt/airflow/dags/youtube_etl_dag.py took 0.790 seconds
[2024-06-18T00:25:13.189+0000] {processor.py:161} INFO - Started process (PID=7751) to work on /opt/airflow/dags/youtube_etl_dag.py
[2024-06-18T00:25:13.191+0000] {processor.py:830} INFO - Processing file /opt/airflow/dags/youtube_etl_dag.py for tasks to queue
[2024-06-18T00:25:13.192+0000] {logging_mixin.py:188} INFO - [2024-06-18T00:25:13.192+0000] {dagbag.py:545} INFO - Filling up the DagBag from /opt/airflow/dags/youtube_etl_dag.py
[2024-06-18T00:25:13.838+0000] {processor.py:840} INFO - DAG(s) 'youtube_etl_dag' retrieved from /opt/airflow/dags/youtube_etl_dag.py
[2024-06-18T00:25:13.867+0000] {logging_mixin.py:188} INFO - [2024-06-18T00:25:13.866+0000] {dag.py:3096} INFO - Sync 1 DAGs
[2024-06-18T00:25:13.892+0000] {logging_mixin.py:188} INFO - [2024-06-18T00:25:13.892+0000] {dag.py:3954} INFO - Setting next_dagrun for youtube_etl_dag to 2024-06-18 00:00:00+00:00, run_after=2024-06-19 00:00:00+00:00
[2024-06-18T00:25:13.982+0000] {processor.py:183} INFO - Processing /opt/airflow/dags/youtube_etl_dag.py took 0.804 seconds
[2024-06-18T00:25:44.405+0000] {processor.py:161} INFO - Started process (PID=7753) to work on /opt/airflow/dags/youtube_etl_dag.py
[2024-06-18T00:25:44.406+0000] {processor.py:830} INFO - Processing file /opt/airflow/dags/youtube_etl_dag.py for tasks to queue
[2024-06-18T00:25:44.408+0000] {logging_mixin.py:188} INFO - [2024-06-18T00:25:44.408+0000] {dagbag.py:545} INFO - Filling up the DagBag from /opt/airflow/dags/youtube_etl_dag.py
[2024-06-18T00:25:44.964+0000] {processor.py:840} INFO - DAG(s) 'youtube_etl_dag' retrieved from /opt/airflow/dags/youtube_etl_dag.py
[2024-06-18T00:25:44.992+0000] {logging_mixin.py:188} INFO - [2024-06-18T00:25:44.992+0000] {dag.py:3096} INFO - Sync 1 DAGs
[2024-06-18T00:25:45.013+0000] {logging_mixin.py:188} INFO - [2024-06-18T00:25:45.013+0000] {dag.py:3954} INFO - Setting next_dagrun for youtube_etl_dag to 2024-06-18 00:00:00+00:00, run_after=2024-06-19 00:00:00+00:00
[2024-06-18T00:25:45.131+0000] {processor.py:183} INFO - Processing /opt/airflow/dags/youtube_etl_dag.py took 0.734 seconds
[2024-06-18T00:26:15.583+0000] {processor.py:161} INFO - Started process (PID=7755) to work on /opt/airflow/dags/youtube_etl_dag.py
[2024-06-18T00:26:15.585+0000] {processor.py:830} INFO - Processing file /opt/airflow/dags/youtube_etl_dag.py for tasks to queue
[2024-06-18T00:26:15.587+0000] {logging_mixin.py:188} INFO - [2024-06-18T00:26:15.586+0000] {dagbag.py:545} INFO - Filling up the DagBag from /opt/airflow/dags/youtube_etl_dag.py
[2024-06-18T00:26:16.168+0000] {processor.py:840} INFO - DAG(s) 'youtube_etl_dag' retrieved from /opt/airflow/dags/youtube_etl_dag.py
[2024-06-18T00:26:16.196+0000] {logging_mixin.py:188} INFO - [2024-06-18T00:26:16.196+0000] {dag.py:3096} INFO - Sync 1 DAGs
[2024-06-18T00:26:16.219+0000] {logging_mixin.py:188} INFO - [2024-06-18T00:26:16.219+0000] {dag.py:3954} INFO - Setting next_dagrun for youtube_etl_dag to 2024-06-18 00:00:00+00:00, run_after=2024-06-19 00:00:00+00:00
[2024-06-18T00:26:16.346+0000] {processor.py:183} INFO - Processing /opt/airflow/dags/youtube_etl_dag.py took 0.771 seconds
[2024-06-18T00:26:46.762+0000] {processor.py:161} INFO - Started process (PID=7757) to work on /opt/airflow/dags/youtube_etl_dag.py
[2024-06-18T00:26:46.764+0000] {processor.py:830} INFO - Processing file /opt/airflow/dags/youtube_etl_dag.py for tasks to queue
[2024-06-18T00:26:46.766+0000] {logging_mixin.py:188} INFO - [2024-06-18T00:26:46.766+0000] {dagbag.py:545} INFO - Filling up the DagBag from /opt/airflow/dags/youtube_etl_dag.py
[2024-06-18T00:26:47.378+0000] {processor.py:840} INFO - DAG(s) 'youtube_etl_dag' retrieved from /opt/airflow/dags/youtube_etl_dag.py
[2024-06-18T00:26:47.412+0000] {logging_mixin.py:188} INFO - [2024-06-18T00:26:47.411+0000] {dag.py:3096} INFO - Sync 1 DAGs
[2024-06-18T00:26:47.435+0000] {logging_mixin.py:188} INFO - [2024-06-18T00:26:47.435+0000] {dag.py:3954} INFO - Setting next_dagrun for youtube_etl_dag to 2024-06-18 00:00:00+00:00, run_after=2024-06-19 00:00:00+00:00
[2024-06-18T00:26:47.543+0000] {processor.py:183} INFO - Processing /opt/airflow/dags/youtube_etl_dag.py took 0.789 seconds
[2024-06-18T00:27:18.011+0000] {processor.py:161} INFO - Started process (PID=7759) to work on /opt/airflow/dags/youtube_etl_dag.py
[2024-06-18T00:27:18.012+0000] {processor.py:830} INFO - Processing file /opt/airflow/dags/youtube_etl_dag.py for tasks to queue
[2024-06-18T00:27:18.014+0000] {logging_mixin.py:188} INFO - [2024-06-18T00:27:18.013+0000] {dagbag.py:545} INFO - Filling up the DagBag from /opt/airflow/dags/youtube_etl_dag.py
[2024-06-18T00:27:18.790+0000] {processor.py:840} INFO - DAG(s) 'youtube_etl_dag' retrieved from /opt/airflow/dags/youtube_etl_dag.py
[2024-06-18T00:27:18.820+0000] {logging_mixin.py:188} INFO - [2024-06-18T00:27:18.819+0000] {dag.py:3096} INFO - Sync 1 DAGs
[2024-06-18T00:27:18.845+0000] {logging_mixin.py:188} INFO - [2024-06-18T00:27:18.845+0000] {dag.py:3954} INFO - Setting next_dagrun for youtube_etl_dag to 2024-06-18 00:00:00+00:00, run_after=2024-06-19 00:00:00+00:00
[2024-06-18T00:27:18.932+0000] {processor.py:183} INFO - Processing /opt/airflow/dags/youtube_etl_dag.py took 0.927 seconds
[2024-06-18T00:27:49.352+0000] {processor.py:161} INFO - Started process (PID=7761) to work on /opt/airflow/dags/youtube_etl_dag.py
[2024-06-18T00:27:49.354+0000] {processor.py:830} INFO - Processing file /opt/airflow/dags/youtube_etl_dag.py for tasks to queue
[2024-06-18T00:27:49.356+0000] {logging_mixin.py:188} INFO - [2024-06-18T00:27:49.356+0000] {dagbag.py:545} INFO - Filling up the DagBag from /opt/airflow/dags/youtube_etl_dag.py
[2024-06-18T00:27:50.007+0000] {processor.py:840} INFO - DAG(s) 'youtube_etl_dag' retrieved from /opt/airflow/dags/youtube_etl_dag.py
[2024-06-18T00:27:50.040+0000] {logging_mixin.py:188} INFO - [2024-06-18T00:27:50.039+0000] {dag.py:3096} INFO - Sync 1 DAGs
[2024-06-18T00:27:50.062+0000] {logging_mixin.py:188} INFO - [2024-06-18T00:27:50.062+0000] {dag.py:3954} INFO - Setting next_dagrun for youtube_etl_dag to 2024-06-18 00:00:00+00:00, run_after=2024-06-19 00:00:00+00:00
[2024-06-18T00:27:50.173+0000] {processor.py:183} INFO - Processing /opt/airflow/dags/youtube_etl_dag.py took 0.828 seconds
[2024-06-18T00:28:20.461+0000] {processor.py:161} INFO - Started process (PID=7763) to work on /opt/airflow/dags/youtube_etl_dag.py
[2024-06-18T00:28:20.462+0000] {processor.py:830} INFO - Processing file /opt/airflow/dags/youtube_etl_dag.py for tasks to queue
[2024-06-18T00:28:20.463+0000] {logging_mixin.py:188} INFO - [2024-06-18T00:28:20.463+0000] {dagbag.py:545} INFO - Filling up the DagBag from /opt/airflow/dags/youtube_etl_dag.py
[2024-06-18T00:28:20.941+0000] {processor.py:840} INFO - DAG(s) 'youtube_etl_dag' retrieved from /opt/airflow/dags/youtube_etl_dag.py
[2024-06-18T00:28:20.968+0000] {logging_mixin.py:188} INFO - [2024-06-18T00:28:20.968+0000] {dag.py:3096} INFO - Sync 1 DAGs
[2024-06-18T00:28:20.987+0000] {logging_mixin.py:188} INFO - [2024-06-18T00:28:20.987+0000] {dag.py:3954} INFO - Setting next_dagrun for youtube_etl_dag to 2024-06-18 00:00:00+00:00, run_after=2024-06-19 00:00:00+00:00
[2024-06-18T00:28:21.080+0000] {processor.py:183} INFO - Processing /opt/airflow/dags/youtube_etl_dag.py took 0.625 seconds
[2024-06-18T00:28:51.519+0000] {processor.py:161} INFO - Started process (PID=7765) to work on /opt/airflow/dags/youtube_etl_dag.py
[2024-06-18T00:28:51.521+0000] {processor.py:830} INFO - Processing file /opt/airflow/dags/youtube_etl_dag.py for tasks to queue
[2024-06-18T00:28:51.523+0000] {logging_mixin.py:188} INFO - [2024-06-18T00:28:51.522+0000] {dagbag.py:545} INFO - Filling up the DagBag from /opt/airflow/dags/youtube_etl_dag.py
[2024-06-18T00:28:52.149+0000] {processor.py:840} INFO - DAG(s) 'youtube_etl_dag' retrieved from /opt/airflow/dags/youtube_etl_dag.py
[2024-06-18T00:28:52.183+0000] {logging_mixin.py:188} INFO - [2024-06-18T00:28:52.182+0000] {dag.py:3096} INFO - Sync 1 DAGs
[2024-06-18T00:28:52.207+0000] {logging_mixin.py:188} INFO - [2024-06-18T00:28:52.207+0000] {dag.py:3954} INFO - Setting next_dagrun for youtube_etl_dag to 2024-06-18 00:00:00+00:00, run_after=2024-06-19 00:00:00+00:00
[2024-06-18T00:28:52.333+0000] {processor.py:183} INFO - Processing /opt/airflow/dags/youtube_etl_dag.py took 0.823 seconds
[2024-06-18T00:29:22.660+0000] {processor.py:161} INFO - Started process (PID=7767) to work on /opt/airflow/dags/youtube_etl_dag.py
[2024-06-18T00:29:22.661+0000] {processor.py:830} INFO - Processing file /opt/airflow/dags/youtube_etl_dag.py for tasks to queue
[2024-06-18T00:29:22.663+0000] {logging_mixin.py:188} INFO - [2024-06-18T00:29:22.662+0000] {dagbag.py:545} INFO - Filling up the DagBag from /opt/airflow/dags/youtube_etl_dag.py
[2024-06-18T00:29:23.245+0000] {processor.py:840} INFO - DAG(s) 'youtube_etl_dag' retrieved from /opt/airflow/dags/youtube_etl_dag.py
[2024-06-18T00:29:23.277+0000] {logging_mixin.py:188} INFO - [2024-06-18T00:29:23.277+0000] {dag.py:3096} INFO - Sync 1 DAGs
[2024-06-18T00:29:23.301+0000] {logging_mixin.py:188} INFO - [2024-06-18T00:29:23.301+0000] {dag.py:3954} INFO - Setting next_dagrun for youtube_etl_dag to 2024-06-18 00:00:00+00:00, run_after=2024-06-19 00:00:00+00:00
[2024-06-18T00:29:23.398+0000] {processor.py:183} INFO - Processing /opt/airflow/dags/youtube_etl_dag.py took 0.745 seconds
[2024-06-18T00:29:53.779+0000] {processor.py:161} INFO - Started process (PID=7769) to work on /opt/airflow/dags/youtube_etl_dag.py
[2024-06-18T00:29:53.780+0000] {processor.py:830} INFO - Processing file /opt/airflow/dags/youtube_etl_dag.py for tasks to queue
[2024-06-18T00:29:53.782+0000] {logging_mixin.py:188} INFO - [2024-06-18T00:29:53.782+0000] {dagbag.py:545} INFO - Filling up the DagBag from /opt/airflow/dags/youtube_etl_dag.py
[2024-06-18T00:29:54.353+0000] {processor.py:840} INFO - DAG(s) 'youtube_etl_dag' retrieved from /opt/airflow/dags/youtube_etl_dag.py
[2024-06-18T00:29:54.389+0000] {logging_mixin.py:188} INFO - [2024-06-18T00:29:54.389+0000] {dag.py:3096} INFO - Sync 1 DAGs
[2024-06-18T00:29:54.413+0000] {logging_mixin.py:188} INFO - [2024-06-18T00:29:54.412+0000] {dag.py:3954} INFO - Setting next_dagrun for youtube_etl_dag to 2024-06-18 00:00:00+00:00, run_after=2024-06-19 00:00:00+00:00
[2024-06-18T00:29:54.523+0000] {processor.py:183} INFO - Processing /opt/airflow/dags/youtube_etl_dag.py took 0.751 seconds
