[2024-06-18T00:00:11.432+0000] {local_task_job_runner.py:120} INFO - ::group::Pre task execution logs
[2024-06-18T00:00:11.474+0000] {taskinstance.py:2076} INFO - Dependencies all met for dep_context=non-requeueable deps ti=<TaskInstance: etl_dag.extract_data_from_youtube_api scheduled__2024-06-17T00:00:00+00:00 [queued]>
[2024-06-18T00:00:11.488+0000] {taskinstance.py:2076} INFO - Dependencies all met for dep_context=requeueable deps ti=<TaskInstance: etl_dag.extract_data_from_youtube_api scheduled__2024-06-17T00:00:00+00:00 [queued]>
[2024-06-18T00:00:11.490+0000] {taskinstance.py:2306} INFO - Starting attempt 1 of 2
[2024-06-18T00:00:11.538+0000] {taskinstance.py:2330} INFO - Executing <Task(PythonOperator): extract_data_from_youtube_api> on 2024-06-17 00:00:00+00:00
[2024-06-18T00:00:11.549+0000] {standard_task_runner.py:90} INFO - Running: ['airflow', 'tasks', 'run', 'etl_dag', 'extract_data_from_youtube_api', 'scheduled__2024-06-17T00:00:00+00:00', '--job-id', '82', '--raw', '--subdir', 'DAGS_FOLDER/etl.py', '--cfg-path', '/tmp/tmpmm7nfqbb']
[2024-06-18T00:00:11.552+0000] {standard_task_runner.py:91} INFO - Job 82: Subtask extract_data_from_youtube_api
[2024-06-18T00:00:11.564+0000] {logging_mixin.py:188} WARNING - /home/airflow/.local/lib/python3.12/site-packages/airflow/task/task_runner/standard_task_runner.py:61 DeprecationWarning: This process (pid=6211) is multi-threaded, use of fork() may lead to deadlocks in the child.
[2024-06-18T00:00:11.573+0000] {standard_task_runner.py:63} INFO - Started process 6224 to run task
[2024-06-18T00:00:11.731+0000] {task_command.py:426} INFO - Running <TaskInstance: etl_dag.extract_data_from_youtube_api scheduled__2024-06-17T00:00:00+00:00 [running]> on host e1be22a1c874
[2024-06-18T00:00:12.063+0000] {taskinstance.py:2648} INFO - Exporting env vars: AIRFLOW_CTX_DAG_OWNER='airflow' AIRFLOW_CTX_DAG_ID='etl_dag' AIRFLOW_CTX_TASK_ID='extract_data_from_youtube_api' AIRFLOW_CTX_EXECUTION_DATE='2024-06-17T00:00:00+00:00' AIRFLOW_CTX_TRY_NUMBER='1' AIRFLOW_CTX_DAG_RUN_ID='scheduled__2024-06-17T00:00:00+00:00'
[2024-06-18T00:00:12.065+0000] {taskinstance.py:430} INFO - ::endgroup::
[2024-06-18T00:00:12.084+0000] {__init__.py:49} INFO - file_cache is only supported with oauth2client<4.0.0
[2024-06-18T00:00:13.621+0000] {__init__.py:49} INFO - file_cache is only supported with oauth2client<4.0.0
[2024-06-18T00:00:15.185+0000] {__init__.py:49} INFO - file_cache is only supported with oauth2client<4.0.0
[2024-06-18T00:00:15.889+0000] {__init__.py:49} INFO - file_cache is only supported with oauth2client<4.0.0
[2024-06-18T00:00:17.321+0000] {__init__.py:49} INFO - file_cache is only supported with oauth2client<4.0.0
[2024-06-18T00:00:18.527+0000] {__init__.py:49} INFO - file_cache is only supported with oauth2client<4.0.0
[2024-06-18T00:00:20.054+0000] {__init__.py:49} INFO - file_cache is only supported with oauth2client<4.0.0
[2024-06-18T00:00:21.589+0000] {__init__.py:49} INFO - file_cache is only supported with oauth2client<4.0.0
[2024-06-18T00:00:23.349+0000] {__init__.py:49} INFO - file_cache is only supported with oauth2client<4.0.0
[2024-06-18T00:00:25.057+0000] {__init__.py:49} INFO - file_cache is only supported with oauth2client<4.0.0
[2024-06-18T00:00:25.619+0000] {__init__.py:49} INFO - file_cache is only supported with oauth2client<4.0.0
[2024-06-18T00:00:27.365+0000] {__init__.py:49} INFO - file_cache is only supported with oauth2client<4.0.0
[2024-06-18T00:00:28.611+0000] {__init__.py:49} INFO - file_cache is only supported with oauth2client<4.0.0
[2024-06-18T00:00:30.261+0000] {__init__.py:49} INFO - file_cache is only supported with oauth2client<4.0.0
[2024-06-18T00:00:32.172+0000] {__init__.py:49} INFO - file_cache is only supported with oauth2client<4.0.0
[2024-06-18T00:00:33.795+0000] {__init__.py:49} INFO - file_cache is only supported with oauth2client<4.0.0
[2024-06-18T00:00:34.691+0000] {__init__.py:49} INFO - file_cache is only supported with oauth2client<4.0.0
[2024-06-18T00:00:35.188+0000] {__init__.py:49} INFO - file_cache is only supported with oauth2client<4.0.0
[2024-06-18T00:00:36.380+0000] {__init__.py:49} INFO - file_cache is only supported with oauth2client<4.0.0
[2024-06-18T00:00:37.465+0000] {__init__.py:49} INFO - file_cache is only supported with oauth2client<4.0.0
[2024-06-18T00:00:38.214+0000] {__init__.py:49} INFO - file_cache is only supported with oauth2client<4.0.0
[2024-06-18T00:00:39.759+0000] {__init__.py:49} INFO - file_cache is only supported with oauth2client<4.0.0
[2024-06-18T00:00:41.566+0000] {__init__.py:49} INFO - file_cache is only supported with oauth2client<4.0.0
[2024-06-18T00:00:43.098+0000] {__init__.py:49} INFO - file_cache is only supported with oauth2client<4.0.0
[2024-06-18T00:00:43.700+0000] {__init__.py:49} INFO - file_cache is only supported with oauth2client<4.0.0
[2024-06-18T00:00:45.301+0000] {__init__.py:49} INFO - file_cache is only supported with oauth2client<4.0.0
[2024-06-18T00:00:46.505+0000] {__init__.py:49} INFO - file_cache is only supported with oauth2client<4.0.0
[2024-06-18T00:00:47.375+0000] {__init__.py:49} INFO - file_cache is only supported with oauth2client<4.0.0
[2024-06-18T00:00:49.011+0000] {__init__.py:49} INFO - file_cache is only supported with oauth2client<4.0.0
[2024-06-18T00:00:50.749+0000] {__init__.py:49} INFO - file_cache is only supported with oauth2client<4.0.0
[2024-06-18T00:00:52.299+0000] {__init__.py:49} INFO - file_cache is only supported with oauth2client<4.0.0
[2024-06-18T00:00:52.869+0000] {__init__.py:49} INFO - file_cache is only supported with oauth2client<4.0.0
[2024-06-18T00:00:54.496+0000] {__init__.py:49} INFO - file_cache is only supported with oauth2client<4.0.0
[2024-06-18T00:00:55.625+0000] {__init__.py:49} INFO - file_cache is only supported with oauth2client<4.0.0
[2024-06-18T00:00:56.005+0000] {__init__.py:49} INFO - file_cache is only supported with oauth2client<4.0.0
[2024-06-18T00:00:57.959+0000] {python.py:237} INFO - Done. Returned value was: None
[2024-06-18T00:00:57.960+0000] {taskinstance.py:441} INFO - ::group::Post task execution logs
[2024-06-18T00:00:57.983+0000] {taskinstance.py:1206} INFO - Marking task as SUCCESS. dag_id=etl_dag, task_id=extract_data_from_youtube_api, run_id=scheduled__2024-06-17T00:00:00+00:00, execution_date=20240617T000000, start_date=20240618T000011, end_date=20240618T000057
[2024-06-18T00:00:58.092+0000] {local_task_job_runner.py:240} INFO - Task exited with return code 0
[2024-06-18T00:00:58.150+0000] {taskinstance.py:3503} INFO - 1 downstream tasks scheduled from follow-on schedule check
[2024-06-18T00:00:58.177+0000] {local_task_job_runner.py:222} INFO - ::endgroup::
