[2024-06-16T23:11:32.048+0000] {processor.py:161} INFO - Started process (PID=88) to work on /opt/airflow/dags/etl.py
[2024-06-16T23:11:32.050+0000] {processor.py:830} INFO - Processing file /opt/airflow/dags/etl.py for tasks to queue
[2024-06-16T23:11:32.053+0000] {logging_mixin.py:188} INFO - [2024-06-16T23:11:32.053+0000] {dagbag.py:545} INFO - Filling up the DagBag from /opt/airflow/dags/etl.py
[2024-06-16T23:11:32.870+0000] {processor.py:840} INFO - DAG(s) 'etl_dag' retrieved from /opt/airflow/dags/etl.py
[2024-06-16T23:11:33.064+0000] {logging_mixin.py:188} INFO - [2024-06-16T23:11:33.064+0000] {override.py:1829} INFO - Created Permission View: can delete on DAG:etl_dag
[2024-06-16T23:11:33.109+0000] {logging_mixin.py:188} INFO - [2024-06-16T23:11:33.109+0000] {override.py:1829} INFO - Created Permission View: can edit on DAG:etl_dag
[2024-06-16T23:11:33.152+0000] {logging_mixin.py:188} INFO - [2024-06-16T23:11:33.152+0000] {override.py:1829} INFO - Created Permission View: can read on DAG:etl_dag
[2024-06-16T23:11:33.153+0000] {logging_mixin.py:188} INFO - [2024-06-16T23:11:33.153+0000] {dag.py:3096} INFO - Sync 1 DAGs
[2024-06-16T23:11:33.184+0000] {logging_mixin.py:188} INFO - [2024-06-16T23:11:33.183+0000] {dag.py:3118} INFO - Creating ORM DAG for etl_dag
[2024-06-16T23:11:33.231+0000] {logging_mixin.py:188} INFO - [2024-06-16T23:11:33.230+0000] {dag.py:3954} INFO - Setting next_dagrun for etl_dag to 2024-06-15 00:00:00+00:00, run_after=2024-06-16 00:00:00+00:00
[2024-06-16T23:11:33.334+0000] {processor.py:183} INFO - Processing /opt/airflow/dags/etl.py took 1.296 seconds
[2024-06-16T23:12:03.527+0000] {processor.py:161} INFO - Started process (PID=90) to work on /opt/airflow/dags/etl.py
[2024-06-16T23:12:03.529+0000] {processor.py:830} INFO - Processing file /opt/airflow/dags/etl.py for tasks to queue
[2024-06-16T23:12:03.532+0000] {logging_mixin.py:188} INFO - [2024-06-16T23:12:03.532+0000] {dagbag.py:545} INFO - Filling up the DagBag from /opt/airflow/dags/etl.py
[2024-06-16T23:12:04.077+0000] {processor.py:840} INFO - DAG(s) 'etl_dag' retrieved from /opt/airflow/dags/etl.py
[2024-06-16T23:12:04.122+0000] {logging_mixin.py:188} INFO - [2024-06-16T23:12:04.121+0000] {dag.py:3096} INFO - Sync 1 DAGs
[2024-06-16T23:12:04.161+0000] {logging_mixin.py:188} INFO - [2024-06-16T23:12:04.161+0000] {dag.py:3954} INFO - Setting next_dagrun for etl_dag to 2024-06-15 00:00:00+00:00, run_after=2024-06-16 00:00:00+00:00
[2024-06-16T23:12:04.242+0000] {processor.py:183} INFO - Processing /opt/airflow/dags/etl.py took 0.722 seconds
[2024-06-16T23:12:35.229+0000] {processor.py:161} INFO - Started process (PID=92) to work on /opt/airflow/dags/etl.py
[2024-06-16T23:12:35.231+0000] {processor.py:830} INFO - Processing file /opt/airflow/dags/etl.py for tasks to queue
[2024-06-16T23:12:35.234+0000] {logging_mixin.py:188} INFO - [2024-06-16T23:12:35.234+0000] {dagbag.py:545} INFO - Filling up the DagBag from /opt/airflow/dags/etl.py
[2024-06-16T23:12:36.037+0000] {processor.py:840} INFO - DAG(s) 'etl_dag' retrieved from /opt/airflow/dags/etl.py
[2024-06-16T23:12:36.073+0000] {logging_mixin.py:188} INFO - [2024-06-16T23:12:36.073+0000] {dag.py:3096} INFO - Sync 1 DAGs
[2024-06-16T23:12:36.097+0000] {logging_mixin.py:188} INFO - [2024-06-16T23:12:36.097+0000] {dag.py:3954} INFO - Setting next_dagrun for etl_dag to 2024-06-15 00:00:00+00:00, run_after=2024-06-16 00:00:00+00:00
[2024-06-16T23:12:36.189+0000] {processor.py:183} INFO - Processing /opt/airflow/dags/etl.py took 0.983 seconds
[2024-06-16T23:13:06.614+0000] {processor.py:161} INFO - Started process (PID=94) to work on /opt/airflow/dags/etl.py
[2024-06-16T23:13:06.616+0000] {processor.py:830} INFO - Processing file /opt/airflow/dags/etl.py for tasks to queue
[2024-06-16T23:13:06.619+0000] {logging_mixin.py:188} INFO - [2024-06-16T23:13:06.618+0000] {dagbag.py:545} INFO - Filling up the DagBag from /opt/airflow/dags/etl.py
[2024-06-16T23:13:07.299+0000] {processor.py:840} INFO - DAG(s) 'etl_dag' retrieved from /opt/airflow/dags/etl.py
[2024-06-16T23:13:07.335+0000] {logging_mixin.py:188} INFO - [2024-06-16T23:13:07.334+0000] {dag.py:3096} INFO - Sync 1 DAGs
[2024-06-16T23:13:07.358+0000] {logging_mixin.py:188} INFO - [2024-06-16T23:13:07.358+0000] {dag.py:3954} INFO - Setting next_dagrun for etl_dag to 2024-06-15 00:00:00+00:00, run_after=2024-06-16 00:00:00+00:00
[2024-06-16T23:13:07.480+0000] {processor.py:183} INFO - Processing /opt/airflow/dags/etl.py took 0.872 seconds
[2024-06-16T23:13:38.022+0000] {processor.py:161} INFO - Started process (PID=97) to work on /opt/airflow/dags/etl.py
[2024-06-16T23:13:38.024+0000] {processor.py:830} INFO - Processing file /opt/airflow/dags/etl.py for tasks to queue
[2024-06-16T23:13:38.028+0000] {logging_mixin.py:188} INFO - [2024-06-16T23:13:38.027+0000] {dagbag.py:545} INFO - Filling up the DagBag from /opt/airflow/dags/etl.py
[2024-06-16T23:13:38.768+0000] {processor.py:840} INFO - DAG(s) 'etl_dag' retrieved from /opt/airflow/dags/etl.py
[2024-06-16T23:13:38.801+0000] {logging_mixin.py:188} INFO - [2024-06-16T23:13:38.801+0000] {dag.py:3096} INFO - Sync 1 DAGs
[2024-06-16T23:13:38.838+0000] {logging_mixin.py:188} INFO - [2024-06-16T23:13:38.838+0000] {dag.py:3954} INFO - Setting next_dagrun for etl_dag to 2024-06-15 00:00:00+00:00, run_after=2024-06-16 00:00:00+00:00
[2024-06-16T23:13:38.932+0000] {processor.py:183} INFO - Processing /opt/airflow/dags/etl.py took 0.919 seconds
[2024-06-16T23:14:09.361+0000] {processor.py:161} INFO - Started process (PID=99) to work on /opt/airflow/dags/etl.py
[2024-06-16T23:14:09.363+0000] {processor.py:830} INFO - Processing file /opt/airflow/dags/etl.py for tasks to queue
[2024-06-16T23:14:09.367+0000] {logging_mixin.py:188} INFO - [2024-06-16T23:14:09.366+0000] {dagbag.py:545} INFO - Filling up the DagBag from /opt/airflow/dags/etl.py
[2024-06-16T23:14:09.927+0000] {processor.py:840} INFO - DAG(s) 'etl_dag' retrieved from /opt/airflow/dags/etl.py
[2024-06-16T23:14:09.965+0000] {logging_mixin.py:188} INFO - [2024-06-16T23:14:09.965+0000] {dag.py:3096} INFO - Sync 1 DAGs
[2024-06-16T23:14:09.993+0000] {logging_mixin.py:188} INFO - [2024-06-16T23:14:09.993+0000] {dag.py:3954} INFO - Setting next_dagrun for etl_dag to 2024-06-15 00:00:00+00:00, run_after=2024-06-16 00:00:00+00:00
[2024-06-16T23:14:10.112+0000] {processor.py:183} INFO - Processing /opt/airflow/dags/etl.py took 0.758 seconds
[2024-06-16T23:14:40.724+0000] {processor.py:161} INFO - Started process (PID=101) to work on /opt/airflow/dags/etl.py
[2024-06-16T23:14:40.725+0000] {processor.py:830} INFO - Processing file /opt/airflow/dags/etl.py for tasks to queue
[2024-06-16T23:14:40.728+0000] {logging_mixin.py:188} INFO - [2024-06-16T23:14:40.727+0000] {dagbag.py:545} INFO - Filling up the DagBag from /opt/airflow/dags/etl.py
[2024-06-16T23:14:41.223+0000] {processor.py:840} INFO - DAG(s) 'etl_dag' retrieved from /opt/airflow/dags/etl.py
[2024-06-16T23:14:41.252+0000] {logging_mixin.py:188} INFO - [2024-06-16T23:14:41.252+0000] {dag.py:3096} INFO - Sync 1 DAGs
[2024-06-16T23:14:41.278+0000] {logging_mixin.py:188} INFO - [2024-06-16T23:14:41.278+0000] {dag.py:3954} INFO - Setting next_dagrun for etl_dag to 2024-06-15 00:00:00+00:00, run_after=2024-06-16 00:00:00+00:00
[2024-06-16T23:14:41.378+0000] {processor.py:183} INFO - Processing /opt/airflow/dags/etl.py took 0.662 seconds
[2024-06-16T23:15:12.035+0000] {processor.py:161} INFO - Started process (PID=103) to work on /opt/airflow/dags/etl.py
[2024-06-16T23:15:12.036+0000] {processor.py:830} INFO - Processing file /opt/airflow/dags/etl.py for tasks to queue
[2024-06-16T23:15:12.039+0000] {logging_mixin.py:188} INFO - [2024-06-16T23:15:12.038+0000] {dagbag.py:545} INFO - Filling up the DagBag from /opt/airflow/dags/etl.py
[2024-06-16T23:15:12.514+0000] {processor.py:840} INFO - DAG(s) 'etl_dag' retrieved from /opt/airflow/dags/etl.py
[2024-06-16T23:15:12.544+0000] {logging_mixin.py:188} INFO - [2024-06-16T23:15:12.544+0000] {dag.py:3096} INFO - Sync 1 DAGs
[2024-06-16T23:15:12.568+0000] {logging_mixin.py:188} INFO - [2024-06-16T23:15:12.568+0000] {dag.py:3954} INFO - Setting next_dagrun for etl_dag to 2024-06-15 00:00:00+00:00, run_after=2024-06-16 00:00:00+00:00
[2024-06-16T23:15:12.651+0000] {processor.py:183} INFO - Processing /opt/airflow/dags/etl.py took 0.623 seconds
[2024-06-16T23:15:15.248+0000] {processor.py:161} INFO - Started process (PID=105) to work on /opt/airflow/dags/etl.py
[2024-06-16T23:15:15.249+0000] {processor.py:830} INFO - Processing file /opt/airflow/dags/etl.py for tasks to queue
[2024-06-16T23:15:15.251+0000] {logging_mixin.py:188} INFO - [2024-06-16T23:15:15.250+0000] {dagbag.py:545} INFO - Filling up the DagBag from /opt/airflow/dags/etl.py
[2024-06-16T23:15:15.673+0000] {processor.py:840} INFO - DAG(s) 'youtube_etl_dag' retrieved from /opt/airflow/dags/etl.py
[2024-06-16T23:15:15.874+0000] {logging_mixin.py:188} INFO - [2024-06-16T23:15:15.873+0000] {override.py:1829} INFO - Created Permission View: can delete on DAG:youtube_etl_dag
[2024-06-16T23:15:15.927+0000] {logging_mixin.py:188} INFO - [2024-06-16T23:15:15.927+0000] {override.py:1829} INFO - Created Permission View: can edit on DAG:youtube_etl_dag
[2024-06-16T23:15:15.978+0000] {logging_mixin.py:188} INFO - [2024-06-16T23:15:15.978+0000] {override.py:1829} INFO - Created Permission View: can read on DAG:youtube_etl_dag
[2024-06-16T23:15:15.979+0000] {logging_mixin.py:188} INFO - [2024-06-16T23:15:15.979+0000] {dag.py:3096} INFO - Sync 1 DAGs
[2024-06-16T23:15:15.997+0000] {logging_mixin.py:188} INFO - [2024-06-16T23:15:15.997+0000] {dag.py:3118} INFO - Creating ORM DAG for youtube_etl_dag
[2024-06-16T23:15:16.008+0000] {logging_mixin.py:188} INFO - [2024-06-16T23:15:16.008+0000] {dag.py:3954} INFO - Setting next_dagrun for youtube_etl_dag to 2024-06-15 00:00:00+00:00, run_after=2024-06-16 00:00:00+00:00
[2024-06-16T23:15:16.097+0000] {processor.py:183} INFO - Processing /opt/airflow/dags/etl.py took 0.853 seconds
[2024-06-16T23:15:47.163+0000] {processor.py:161} INFO - Started process (PID=107) to work on /opt/airflow/dags/etl.py
[2024-06-16T23:15:47.165+0000] {processor.py:830} INFO - Processing file /opt/airflow/dags/etl.py for tasks to queue
[2024-06-16T23:15:47.168+0000] {logging_mixin.py:188} INFO - [2024-06-16T23:15:47.167+0000] {dagbag.py:545} INFO - Filling up the DagBag from /opt/airflow/dags/etl.py
[2024-06-16T23:15:47.781+0000] {processor.py:840} INFO - DAG(s) 'youtube_etl_dag' retrieved from /opt/airflow/dags/etl.py
[2024-06-16T23:15:47.819+0000] {logging_mixin.py:188} INFO - [2024-06-16T23:15:47.819+0000] {dag.py:3096} INFO - Sync 1 DAGs
[2024-06-16T23:15:47.850+0000] {logging_mixin.py:188} INFO - [2024-06-16T23:15:47.850+0000] {dag.py:3954} INFO - Setting next_dagrun for youtube_etl_dag to 2024-06-15 00:00:00+00:00, run_after=2024-06-16 00:00:00+00:00
[2024-06-16T23:15:47.979+0000] {processor.py:183} INFO - Processing /opt/airflow/dags/etl.py took 0.824 seconds
[2024-06-16T23:16:18.393+0000] {processor.py:161} INFO - Started process (PID=109) to work on /opt/airflow/dags/etl.py
[2024-06-16T23:16:18.395+0000] {processor.py:830} INFO - Processing file /opt/airflow/dags/etl.py for tasks to queue
[2024-06-16T23:16:18.398+0000] {logging_mixin.py:188} INFO - [2024-06-16T23:16:18.398+0000] {dagbag.py:545} INFO - Filling up the DagBag from /opt/airflow/dags/etl.py
[2024-06-16T23:16:19.167+0000] {processor.py:840} INFO - DAG(s) 'youtube_etl_dag' retrieved from /opt/airflow/dags/etl.py
[2024-06-16T23:16:19.197+0000] {logging_mixin.py:188} INFO - [2024-06-16T23:16:19.197+0000] {dag.py:3096} INFO - Sync 1 DAGs
[2024-06-16T23:16:19.221+0000] {logging_mixin.py:188} INFO - [2024-06-16T23:16:19.220+0000] {dag.py:3954} INFO - Setting next_dagrun for youtube_etl_dag to 2024-06-15 00:00:00+00:00, run_after=2024-06-16 00:00:00+00:00
[2024-06-16T23:16:19.350+0000] {processor.py:183} INFO - Processing /opt/airflow/dags/etl.py took 0.965 seconds
[2024-06-16T23:16:49.716+0000] {processor.py:161} INFO - Started process (PID=111) to work on /opt/airflow/dags/etl.py
[2024-06-16T23:16:49.717+0000] {processor.py:830} INFO - Processing file /opt/airflow/dags/etl.py for tasks to queue
[2024-06-16T23:16:49.718+0000] {logging_mixin.py:188} INFO - [2024-06-16T23:16:49.718+0000] {dagbag.py:545} INFO - Filling up the DagBag from /opt/airflow/dags/etl.py
[2024-06-16T23:16:50.114+0000] {processor.py:840} INFO - DAG(s) 'youtube_etl_dag' retrieved from /opt/airflow/dags/etl.py
[2024-06-16T23:16:50.156+0000] {logging_mixin.py:188} INFO - [2024-06-16T23:16:50.156+0000] {dag.py:3096} INFO - Sync 1 DAGs
[2024-06-16T23:16:50.179+0000] {logging_mixin.py:188} INFO - [2024-06-16T23:16:50.178+0000] {dag.py:3954} INFO - Setting next_dagrun for youtube_etl_dag to 2024-06-15 00:00:00+00:00, run_after=2024-06-16 00:00:00+00:00
[2024-06-16T23:16:50.268+0000] {processor.py:183} INFO - Processing /opt/airflow/dags/etl.py took 0.555 seconds
[2024-06-16T23:17:20.626+0000] {processor.py:161} INFO - Started process (PID=113) to work on /opt/airflow/dags/etl.py
[2024-06-16T23:17:20.627+0000] {processor.py:830} INFO - Processing file /opt/airflow/dags/etl.py for tasks to queue
[2024-06-16T23:17:20.629+0000] {logging_mixin.py:188} INFO - [2024-06-16T23:17:20.628+0000] {dagbag.py:545} INFO - Filling up the DagBag from /opt/airflow/dags/etl.py
[2024-06-16T23:17:21.041+0000] {processor.py:840} INFO - DAG(s) 'youtube_etl_dag' retrieved from /opt/airflow/dags/etl.py
[2024-06-16T23:17:21.083+0000] {logging_mixin.py:188} INFO - [2024-06-16T23:17:21.082+0000] {dag.py:3096} INFO - Sync 1 DAGs
[2024-06-16T23:17:21.110+0000] {logging_mixin.py:188} INFO - [2024-06-16T23:17:21.109+0000] {dag.py:3954} INFO - Setting next_dagrun for youtube_etl_dag to 2024-06-15 00:00:00+00:00, run_after=2024-06-16 00:00:00+00:00
[2024-06-16T23:17:21.185+0000] {processor.py:183} INFO - Processing /opt/airflow/dags/etl.py took 0.563 seconds
[2024-06-16T23:17:51.521+0000] {processor.py:161} INFO - Started process (PID=115) to work on /opt/airflow/dags/etl.py
[2024-06-16T23:17:51.523+0000] {processor.py:830} INFO - Processing file /opt/airflow/dags/etl.py for tasks to queue
[2024-06-16T23:17:51.527+0000] {logging_mixin.py:188} INFO - [2024-06-16T23:17:51.526+0000] {dagbag.py:545} INFO - Filling up the DagBag from /opt/airflow/dags/etl.py
[2024-06-16T23:17:52.209+0000] {processor.py:840} INFO - DAG(s) 'youtube_etl_dag' retrieved from /opt/airflow/dags/etl.py
[2024-06-16T23:17:52.243+0000] {logging_mixin.py:188} INFO - [2024-06-16T23:17:52.242+0000] {dag.py:3096} INFO - Sync 1 DAGs
[2024-06-16T23:17:52.271+0000] {logging_mixin.py:188} INFO - [2024-06-16T23:17:52.271+0000] {dag.py:3954} INFO - Setting next_dagrun for youtube_etl_dag to 2024-06-15 00:00:00+00:00, run_after=2024-06-16 00:00:00+00:00
[2024-06-16T23:17:52.416+0000] {processor.py:183} INFO - Processing /opt/airflow/dags/etl.py took 0.903 seconds
[2024-06-16T23:18:22.929+0000] {processor.py:161} INFO - Started process (PID=117) to work on /opt/airflow/dags/etl.py
[2024-06-16T23:18:22.930+0000] {processor.py:830} INFO - Processing file /opt/airflow/dags/etl.py for tasks to queue
[2024-06-16T23:18:22.934+0000] {logging_mixin.py:188} INFO - [2024-06-16T23:18:22.933+0000] {dagbag.py:545} INFO - Filling up the DagBag from /opt/airflow/dags/etl.py
[2024-06-16T23:18:23.659+0000] {processor.py:840} INFO - DAG(s) 'youtube_etl_dag' retrieved from /opt/airflow/dags/etl.py
[2024-06-16T23:18:23.737+0000] {logging_mixin.py:188} INFO - [2024-06-16T23:18:23.736+0000] {dag.py:3096} INFO - Sync 1 DAGs
[2024-06-16T23:18:23.771+0000] {logging_mixin.py:188} INFO - [2024-06-16T23:18:23.771+0000] {dag.py:3954} INFO - Setting next_dagrun for youtube_etl_dag to 2024-06-15 00:00:00+00:00, run_after=2024-06-16 00:00:00+00:00
[2024-06-16T23:18:23.877+0000] {processor.py:183} INFO - Processing /opt/airflow/dags/etl.py took 0.957 seconds
[2024-06-16T23:18:54.371+0000] {processor.py:161} INFO - Started process (PID=119) to work on /opt/airflow/dags/etl.py
[2024-06-16T23:18:54.373+0000] {processor.py:830} INFO - Processing file /opt/airflow/dags/etl.py for tasks to queue
[2024-06-16T23:18:54.376+0000] {logging_mixin.py:188} INFO - [2024-06-16T23:18:54.375+0000] {dagbag.py:545} INFO - Filling up the DagBag from /opt/airflow/dags/etl.py
[2024-06-16T23:18:54.910+0000] {processor.py:840} INFO - DAG(s) 'youtube_etl_dag' retrieved from /opt/airflow/dags/etl.py
[2024-06-16T23:18:54.939+0000] {logging_mixin.py:188} INFO - [2024-06-16T23:18:54.939+0000] {dag.py:3096} INFO - Sync 1 DAGs
[2024-06-16T23:18:54.964+0000] {logging_mixin.py:188} INFO - [2024-06-16T23:18:54.964+0000] {dag.py:3954} INFO - Setting next_dagrun for youtube_etl_dag to 2024-06-15 00:00:00+00:00, run_after=2024-06-16 00:00:00+00:00
[2024-06-16T23:18:55.069+0000] {processor.py:183} INFO - Processing /opt/airflow/dags/etl.py took 0.706 seconds
[2024-06-16T23:19:25.609+0000] {processor.py:161} INFO - Started process (PID=121) to work on /opt/airflow/dags/etl.py
[2024-06-16T23:19:25.611+0000] {processor.py:830} INFO - Processing file /opt/airflow/dags/etl.py for tasks to queue
[2024-06-16T23:19:25.614+0000] {logging_mixin.py:188} INFO - [2024-06-16T23:19:25.613+0000] {dagbag.py:545} INFO - Filling up the DagBag from /opt/airflow/dags/etl.py
[2024-06-16T23:19:26.253+0000] {processor.py:840} INFO - DAG(s) 'youtube_etl_dag' retrieved from /opt/airflow/dags/etl.py
[2024-06-16T23:19:26.293+0000] {logging_mixin.py:188} INFO - [2024-06-16T23:19:26.292+0000] {dag.py:3096} INFO - Sync 1 DAGs
[2024-06-16T23:19:26.347+0000] {logging_mixin.py:188} INFO - [2024-06-16T23:19:26.346+0000] {dag.py:3954} INFO - Setting next_dagrun for youtube_etl_dag to 2024-06-15 00:00:00+00:00, run_after=2024-06-16 00:00:00+00:00
[2024-06-16T23:19:26.496+0000] {processor.py:183} INFO - Processing /opt/airflow/dags/etl.py took 0.903 seconds
[2024-06-16T23:19:56.988+0000] {processor.py:161} INFO - Started process (PID=123) to work on /opt/airflow/dags/etl.py
[2024-06-16T23:19:56.990+0000] {processor.py:830} INFO - Processing file /opt/airflow/dags/etl.py for tasks to queue
[2024-06-16T23:19:56.992+0000] {logging_mixin.py:188} INFO - [2024-06-16T23:19:56.992+0000] {dagbag.py:545} INFO - Filling up the DagBag from /opt/airflow/dags/etl.py
[2024-06-16T23:19:57.528+0000] {processor.py:840} INFO - DAG(s) 'youtube_etl_dag' retrieved from /opt/airflow/dags/etl.py
[2024-06-16T23:19:57.568+0000] {logging_mixin.py:188} INFO - [2024-06-16T23:19:57.567+0000] {dag.py:3096} INFO - Sync 1 DAGs
[2024-06-16T23:19:57.593+0000] {logging_mixin.py:188} INFO - [2024-06-16T23:19:57.593+0000] {dag.py:3954} INFO - Setting next_dagrun for youtube_etl_dag to 2024-06-15 00:00:00+00:00, run_after=2024-06-16 00:00:00+00:00
[2024-06-16T23:19:57.733+0000] {processor.py:183} INFO - Processing /opt/airflow/dags/etl.py took 0.750 seconds
[2024-06-16T23:20:27.813+0000] {processor.py:161} INFO - Started process (PID=125) to work on /opt/airflow/dags/etl.py
[2024-06-16T23:20:27.814+0000] {processor.py:830} INFO - Processing file /opt/airflow/dags/etl.py for tasks to queue
[2024-06-16T23:20:27.816+0000] {logging_mixin.py:188} INFO - [2024-06-16T23:20:27.815+0000] {dagbag.py:545} INFO - Filling up the DagBag from /opt/airflow/dags/etl.py
[2024-06-16T23:20:28.320+0000] {processor.py:840} INFO - DAG(s) 'youtube_etl_dag' retrieved from /opt/airflow/dags/etl.py
[2024-06-16T23:20:28.351+0000] {logging_mixin.py:188} INFO - [2024-06-16T23:20:28.351+0000] {dag.py:3096} INFO - Sync 1 DAGs
[2024-06-16T23:20:28.379+0000] {logging_mixin.py:188} INFO - [2024-06-16T23:20:28.379+0000] {dag.py:3954} INFO - Setting next_dagrun for youtube_etl_dag to 2024-06-15 00:00:00+00:00, run_after=2024-06-16 00:00:00+00:00
[2024-06-16T23:20:28.504+0000] {processor.py:183} INFO - Processing /opt/airflow/dags/etl.py took 0.698 seconds
[2024-06-16T23:20:59.063+0000] {processor.py:161} INFO - Started process (PID=127) to work on /opt/airflow/dags/etl.py
[2024-06-16T23:20:59.065+0000] {processor.py:830} INFO - Processing file /opt/airflow/dags/etl.py for tasks to queue
[2024-06-16T23:20:59.067+0000] {logging_mixin.py:188} INFO - [2024-06-16T23:20:59.067+0000] {dagbag.py:545} INFO - Filling up the DagBag from /opt/airflow/dags/etl.py
[2024-06-16T23:20:59.592+0000] {processor.py:840} INFO - DAG(s) 'youtube_etl_dag' retrieved from /opt/airflow/dags/etl.py
[2024-06-16T23:20:59.631+0000] {logging_mixin.py:188} INFO - [2024-06-16T23:20:59.631+0000] {dag.py:3096} INFO - Sync 1 DAGs
[2024-06-16T23:20:59.655+0000] {logging_mixin.py:188} INFO - [2024-06-16T23:20:59.655+0000] {dag.py:3954} INFO - Setting next_dagrun for youtube_etl_dag to 2024-06-15 00:00:00+00:00, run_after=2024-06-16 00:00:00+00:00
[2024-06-16T23:20:59.792+0000] {processor.py:183} INFO - Processing /opt/airflow/dags/etl.py took 0.737 seconds
[2024-06-16T23:21:30.249+0000] {processor.py:161} INFO - Started process (PID=129) to work on /opt/airflow/dags/etl.py
[2024-06-16T23:21:30.250+0000] {processor.py:830} INFO - Processing file /opt/airflow/dags/etl.py for tasks to queue
[2024-06-16T23:21:30.252+0000] {logging_mixin.py:188} INFO - [2024-06-16T23:21:30.252+0000] {dagbag.py:545} INFO - Filling up the DagBag from /opt/airflow/dags/etl.py
[2024-06-16T23:21:30.819+0000] {processor.py:840} INFO - DAG(s) 'youtube_etl_dag' retrieved from /opt/airflow/dags/etl.py
[2024-06-16T23:21:30.855+0000] {logging_mixin.py:188} INFO - [2024-06-16T23:21:30.855+0000] {dag.py:3096} INFO - Sync 1 DAGs
[2024-06-16T23:21:30.885+0000] {logging_mixin.py:188} INFO - [2024-06-16T23:21:30.885+0000] {dag.py:3954} INFO - Setting next_dagrun for youtube_etl_dag to 2024-06-15 00:00:00+00:00, run_after=2024-06-16 00:00:00+00:00
[2024-06-16T23:21:31.059+0000] {processor.py:183} INFO - Processing /opt/airflow/dags/etl.py took 0.820 seconds
[2024-06-16T23:22:01.547+0000] {processor.py:161} INFO - Started process (PID=133) to work on /opt/airflow/dags/etl.py
[2024-06-16T23:22:01.548+0000] {processor.py:830} INFO - Processing file /opt/airflow/dags/etl.py for tasks to queue
[2024-06-16T23:22:01.550+0000] {logging_mixin.py:188} INFO - [2024-06-16T23:22:01.550+0000] {dagbag.py:545} INFO - Filling up the DagBag from /opt/airflow/dags/etl.py
[2024-06-16T23:22:02.179+0000] {processor.py:840} INFO - DAG(s) 'youtube_etl_dag' retrieved from /opt/airflow/dags/etl.py
[2024-06-16T23:22:02.216+0000] {logging_mixin.py:188} INFO - [2024-06-16T23:22:02.216+0000] {dag.py:3096} INFO - Sync 1 DAGs
[2024-06-16T23:22:02.243+0000] {logging_mixin.py:188} INFO - [2024-06-16T23:22:02.243+0000] {dag.py:3954} INFO - Setting next_dagrun for youtube_etl_dag to 2024-06-15 00:00:00+00:00, run_after=2024-06-16 00:00:00+00:00
[2024-06-16T23:22:02.365+0000] {processor.py:183} INFO - Processing /opt/airflow/dags/etl.py took 0.824 seconds
[2024-06-16T23:22:32.663+0000] {processor.py:161} INFO - Started process (PID=137) to work on /opt/airflow/dags/etl.py
[2024-06-16T23:22:32.664+0000] {processor.py:830} INFO - Processing file /opt/airflow/dags/etl.py for tasks to queue
[2024-06-16T23:22:32.667+0000] {logging_mixin.py:188} INFO - [2024-06-16T23:22:32.667+0000] {dagbag.py:545} INFO - Filling up the DagBag from /opt/airflow/dags/etl.py
[2024-06-16T23:22:33.176+0000] {processor.py:840} INFO - DAG(s) 'youtube_etl_dag' retrieved from /opt/airflow/dags/etl.py
[2024-06-16T23:22:33.214+0000] {logging_mixin.py:188} INFO - [2024-06-16T23:22:33.214+0000] {dag.py:3096} INFO - Sync 1 DAGs
[2024-06-16T23:22:33.253+0000] {logging_mixin.py:188} INFO - [2024-06-16T23:22:33.252+0000] {dag.py:3954} INFO - Setting next_dagrun for youtube_etl_dag to 2024-06-15 00:00:00+00:00, run_after=2024-06-16 00:00:00+00:00
[2024-06-16T23:22:33.355+0000] {processor.py:183} INFO - Processing /opt/airflow/dags/etl.py took 0.700 seconds
[2024-06-16T23:23:03.705+0000] {processor.py:161} INFO - Started process (PID=141) to work on /opt/airflow/dags/etl.py
[2024-06-16T23:23:03.706+0000] {processor.py:830} INFO - Processing file /opt/airflow/dags/etl.py for tasks to queue
[2024-06-16T23:23:03.707+0000] {logging_mixin.py:188} INFO - [2024-06-16T23:23:03.707+0000] {dagbag.py:545} INFO - Filling up the DagBag from /opt/airflow/dags/etl.py
[2024-06-16T23:23:04.167+0000] {processor.py:840} INFO - DAG(s) 'youtube_etl_dag' retrieved from /opt/airflow/dags/etl.py
[2024-06-16T23:23:04.196+0000] {logging_mixin.py:188} INFO - [2024-06-16T23:23:04.195+0000] {dag.py:3096} INFO - Sync 1 DAGs
[2024-06-16T23:23:04.219+0000] {logging_mixin.py:188} INFO - [2024-06-16T23:23:04.218+0000] {dag.py:3954} INFO - Setting next_dagrun for youtube_etl_dag to 2024-06-15 00:00:00+00:00, run_after=2024-06-16 00:00:00+00:00
[2024-06-16T23:23:04.308+0000] {processor.py:183} INFO - Processing /opt/airflow/dags/etl.py took 0.608 seconds
[2024-06-16T23:23:34.787+0000] {processor.py:161} INFO - Started process (PID=145) to work on /opt/airflow/dags/etl.py
[2024-06-16T23:23:34.788+0000] {processor.py:830} INFO - Processing file /opt/airflow/dags/etl.py for tasks to queue
[2024-06-16T23:23:34.790+0000] {logging_mixin.py:188} INFO - [2024-06-16T23:23:34.790+0000] {dagbag.py:545} INFO - Filling up the DagBag from /opt/airflow/dags/etl.py
[2024-06-16T23:23:35.206+0000] {processor.py:840} INFO - DAG(s) 'youtube_etl_dag' retrieved from /opt/airflow/dags/etl.py
[2024-06-16T23:23:35.236+0000] {logging_mixin.py:188} INFO - [2024-06-16T23:23:35.236+0000] {dag.py:3096} INFO - Sync 1 DAGs
[2024-06-16T23:23:35.264+0000] {logging_mixin.py:188} INFO - [2024-06-16T23:23:35.264+0000] {dag.py:3954} INFO - Setting next_dagrun for youtube_etl_dag to 2024-06-15 00:00:00+00:00, run_after=2024-06-16 00:00:00+00:00
[2024-06-16T23:23:35.369+0000] {processor.py:183} INFO - Processing /opt/airflow/dags/etl.py took 0.586 seconds
[2024-06-16T23:24:05.548+0000] {processor.py:161} INFO - Started process (PID=149) to work on /opt/airflow/dags/etl.py
[2024-06-16T23:24:05.550+0000] {processor.py:830} INFO - Processing file /opt/airflow/dags/etl.py for tasks to queue
[2024-06-16T23:24:05.553+0000] {logging_mixin.py:188} INFO - [2024-06-16T23:24:05.553+0000] {dagbag.py:545} INFO - Filling up the DagBag from /opt/airflow/dags/etl.py
[2024-06-16T23:24:06.227+0000] {processor.py:840} INFO - DAG(s) 'youtube_etl_dag' retrieved from /opt/airflow/dags/etl.py
[2024-06-16T23:24:06.254+0000] {logging_mixin.py:188} INFO - [2024-06-16T23:24:06.253+0000] {dag.py:3096} INFO - Sync 1 DAGs
[2024-06-16T23:24:06.280+0000] {logging_mixin.py:188} INFO - [2024-06-16T23:24:06.279+0000] {dag.py:3954} INFO - Setting next_dagrun for youtube_etl_dag to 2024-06-15 00:00:00+00:00, run_after=2024-06-16 00:00:00+00:00
[2024-06-16T23:24:06.372+0000] {processor.py:183} INFO - Processing /opt/airflow/dags/etl.py took 0.834 seconds
[2024-06-16T23:24:36.834+0000] {processor.py:161} INFO - Started process (PID=153) to work on /opt/airflow/dags/etl.py
[2024-06-16T23:24:36.836+0000] {processor.py:830} INFO - Processing file /opt/airflow/dags/etl.py for tasks to queue
[2024-06-16T23:24:36.839+0000] {logging_mixin.py:188} INFO - [2024-06-16T23:24:36.838+0000] {dagbag.py:545} INFO - Filling up the DagBag from /opt/airflow/dags/etl.py
[2024-06-16T23:24:37.511+0000] {processor.py:840} INFO - DAG(s) 'youtube_etl_dag' retrieved from /opt/airflow/dags/etl.py
[2024-06-16T23:24:37.553+0000] {logging_mixin.py:188} INFO - [2024-06-16T23:24:37.553+0000] {dag.py:3096} INFO - Sync 1 DAGs
[2024-06-16T23:24:37.583+0000] {logging_mixin.py:188} INFO - [2024-06-16T23:24:37.583+0000] {dag.py:3954} INFO - Setting next_dagrun for youtube_etl_dag to 2024-06-15 00:00:00+00:00, run_after=2024-06-16 00:00:00+00:00
[2024-06-16T23:24:37.694+0000] {processor.py:183} INFO - Processing /opt/airflow/dags/etl.py took 0.867 seconds
[2024-06-16T23:25:08.040+0000] {processor.py:161} INFO - Started process (PID=157) to work on /opt/airflow/dags/etl.py
[2024-06-16T23:25:08.041+0000] {processor.py:830} INFO - Processing file /opt/airflow/dags/etl.py for tasks to queue
[2024-06-16T23:25:08.044+0000] {logging_mixin.py:188} INFO - [2024-06-16T23:25:08.044+0000] {dagbag.py:545} INFO - Filling up the DagBag from /opt/airflow/dags/etl.py
[2024-06-16T23:25:08.741+0000] {processor.py:840} INFO - DAG(s) 'youtube_etl_dag' retrieved from /opt/airflow/dags/etl.py
[2024-06-16T23:25:08.787+0000] {logging_mixin.py:188} INFO - [2024-06-16T23:25:08.787+0000] {dag.py:3096} INFO - Sync 1 DAGs
[2024-06-16T23:25:08.831+0000] {logging_mixin.py:188} INFO - [2024-06-16T23:25:08.830+0000] {dag.py:3954} INFO - Setting next_dagrun for youtube_etl_dag to 2024-06-15 00:00:00+00:00, run_after=2024-06-16 00:00:00+00:00
[2024-06-16T23:25:08.966+0000] {processor.py:183} INFO - Processing /opt/airflow/dags/etl.py took 0.933 seconds
[2024-06-16T23:25:39.354+0000] {processor.py:161} INFO - Started process (PID=161) to work on /opt/airflow/dags/etl.py
[2024-06-16T23:25:39.356+0000] {processor.py:830} INFO - Processing file /opt/airflow/dags/etl.py for tasks to queue
[2024-06-16T23:25:39.359+0000] {logging_mixin.py:188} INFO - [2024-06-16T23:25:39.359+0000] {dagbag.py:545} INFO - Filling up the DagBag from /opt/airflow/dags/etl.py
[2024-06-16T23:25:40.094+0000] {processor.py:840} INFO - DAG(s) 'youtube_etl_dag' retrieved from /opt/airflow/dags/etl.py
[2024-06-16T23:25:40.138+0000] {logging_mixin.py:188} INFO - [2024-06-16T23:25:40.137+0000] {dag.py:3096} INFO - Sync 1 DAGs
[2024-06-16T23:25:40.177+0000] {logging_mixin.py:188} INFO - [2024-06-16T23:25:40.177+0000] {dag.py:3954} INFO - Setting next_dagrun for youtube_etl_dag to 2024-06-15 00:00:00+00:00, run_after=2024-06-16 00:00:00+00:00
[2024-06-16T23:25:40.292+0000] {processor.py:183} INFO - Processing /opt/airflow/dags/etl.py took 0.945 seconds
[2024-06-16T23:26:10.784+0000] {processor.py:161} INFO - Started process (PID=165) to work on /opt/airflow/dags/etl.py
[2024-06-16T23:26:10.786+0000] {processor.py:830} INFO - Processing file /opt/airflow/dags/etl.py for tasks to queue
[2024-06-16T23:26:10.789+0000] {logging_mixin.py:188} INFO - [2024-06-16T23:26:10.789+0000] {dagbag.py:545} INFO - Filling up the DagBag from /opt/airflow/dags/etl.py
[2024-06-16T23:26:11.309+0000] {processor.py:840} INFO - DAG(s) 'youtube_etl_dag' retrieved from /opt/airflow/dags/etl.py
[2024-06-16T23:26:11.336+0000] {logging_mixin.py:188} INFO - [2024-06-16T23:26:11.336+0000] {dag.py:3096} INFO - Sync 1 DAGs
[2024-06-16T23:26:11.381+0000] {logging_mixin.py:188} INFO - [2024-06-16T23:26:11.380+0000] {dag.py:3954} INFO - Setting next_dagrun for youtube_etl_dag to 2024-06-15 00:00:00+00:00, run_after=2024-06-16 00:00:00+00:00
[2024-06-16T23:26:11.480+0000] {processor.py:183} INFO - Processing /opt/airflow/dags/etl.py took 0.703 seconds
[2024-06-16T23:26:41.774+0000] {processor.py:161} INFO - Started process (PID=169) to work on /opt/airflow/dags/etl.py
[2024-06-16T23:26:41.776+0000] {processor.py:830} INFO - Processing file /opt/airflow/dags/etl.py for tasks to queue
[2024-06-16T23:26:41.779+0000] {logging_mixin.py:188} INFO - [2024-06-16T23:26:41.779+0000] {dagbag.py:545} INFO - Filling up the DagBag from /opt/airflow/dags/etl.py
[2024-06-16T23:26:42.282+0000] {processor.py:840} INFO - DAG(s) 'youtube_etl_dag' retrieved from /opt/airflow/dags/etl.py
[2024-06-16T23:26:42.321+0000] {logging_mixin.py:188} INFO - [2024-06-16T23:26:42.321+0000] {dag.py:3096} INFO - Sync 1 DAGs
[2024-06-16T23:26:42.346+0000] {logging_mixin.py:188} INFO - [2024-06-16T23:26:42.345+0000] {dag.py:3954} INFO - Setting next_dagrun for youtube_etl_dag to 2024-06-15 00:00:00+00:00, run_after=2024-06-16 00:00:00+00:00
[2024-06-16T23:26:42.481+0000] {processor.py:183} INFO - Processing /opt/airflow/dags/etl.py took 0.714 seconds
[2024-06-16T23:27:12.936+0000] {processor.py:161} INFO - Started process (PID=173) to work on /opt/airflow/dags/etl.py
[2024-06-16T23:27:12.937+0000] {processor.py:830} INFO - Processing file /opt/airflow/dags/etl.py for tasks to queue
[2024-06-16T23:27:12.939+0000] {logging_mixin.py:188} INFO - [2024-06-16T23:27:12.939+0000] {dagbag.py:545} INFO - Filling up the DagBag from /opt/airflow/dags/etl.py
[2024-06-16T23:27:13.471+0000] {processor.py:840} INFO - DAG(s) 'youtube_etl_dag' retrieved from /opt/airflow/dags/etl.py
[2024-06-16T23:27:13.495+0000] {logging_mixin.py:188} INFO - [2024-06-16T23:27:13.495+0000] {dag.py:3096} INFO - Sync 1 DAGs
[2024-06-16T23:27:13.525+0000] {logging_mixin.py:188} INFO - [2024-06-16T23:27:13.525+0000] {dag.py:3954} INFO - Setting next_dagrun for youtube_etl_dag to 2024-06-15 00:00:00+00:00, run_after=2024-06-16 00:00:00+00:00
[2024-06-16T23:27:13.686+0000] {processor.py:183} INFO - Processing /opt/airflow/dags/etl.py took 0.756 seconds
[2024-06-16T23:27:44.120+0000] {processor.py:161} INFO - Started process (PID=177) to work on /opt/airflow/dags/etl.py
[2024-06-16T23:27:44.121+0000] {processor.py:830} INFO - Processing file /opt/airflow/dags/etl.py for tasks to queue
[2024-06-16T23:27:44.124+0000] {logging_mixin.py:188} INFO - [2024-06-16T23:27:44.124+0000] {dagbag.py:545} INFO - Filling up the DagBag from /opt/airflow/dags/etl.py
[2024-06-16T23:27:44.624+0000] {processor.py:840} INFO - DAG(s) 'youtube_etl_dag' retrieved from /opt/airflow/dags/etl.py
[2024-06-16T23:27:44.654+0000] {logging_mixin.py:188} INFO - [2024-06-16T23:27:44.653+0000] {dag.py:3096} INFO - Sync 1 DAGs
[2024-06-16T23:27:44.677+0000] {logging_mixin.py:188} INFO - [2024-06-16T23:27:44.677+0000] {dag.py:3954} INFO - Setting next_dagrun for youtube_etl_dag to 2024-06-15 00:00:00+00:00, run_after=2024-06-16 00:00:00+00:00
[2024-06-16T23:27:44.824+0000] {processor.py:183} INFO - Processing /opt/airflow/dags/etl.py took 0.712 seconds
[2024-06-16T23:28:15.299+0000] {processor.py:161} INFO - Started process (PID=181) to work on /opt/airflow/dags/etl.py
[2024-06-16T23:28:15.300+0000] {processor.py:830} INFO - Processing file /opt/airflow/dags/etl.py for tasks to queue
[2024-06-16T23:28:15.303+0000] {logging_mixin.py:188} INFO - [2024-06-16T23:28:15.303+0000] {dagbag.py:545} INFO - Filling up the DagBag from /opt/airflow/dags/etl.py
[2024-06-16T23:28:15.729+0000] {processor.py:840} INFO - DAG(s) 'youtube_etl_dag' retrieved from /opt/airflow/dags/etl.py
[2024-06-16T23:28:15.765+0000] {logging_mixin.py:188} INFO - [2024-06-16T23:28:15.764+0000] {dag.py:3096} INFO - Sync 1 DAGs
[2024-06-16T23:28:15.794+0000] {logging_mixin.py:188} INFO - [2024-06-16T23:28:15.793+0000] {dag.py:3954} INFO - Setting next_dagrun for youtube_etl_dag to 2024-06-15 00:00:00+00:00, run_after=2024-06-16 00:00:00+00:00
[2024-06-16T23:28:15.881+0000] {processor.py:183} INFO - Processing /opt/airflow/dags/etl.py took 0.590 seconds
[2024-06-16T23:28:46.520+0000] {processor.py:161} INFO - Started process (PID=185) to work on /opt/airflow/dags/etl.py
[2024-06-16T23:28:46.522+0000] {processor.py:830} INFO - Processing file /opt/airflow/dags/etl.py for tasks to queue
[2024-06-16T23:28:46.525+0000] {logging_mixin.py:188} INFO - [2024-06-16T23:28:46.524+0000] {dagbag.py:545} INFO - Filling up the DagBag from /opt/airflow/dags/etl.py
[2024-06-16T23:28:47.036+0000] {processor.py:840} INFO - DAG(s) 'youtube_etl_dag' retrieved from /opt/airflow/dags/etl.py
[2024-06-16T23:28:47.067+0000] {logging_mixin.py:188} INFO - [2024-06-16T23:28:47.067+0000] {dag.py:3096} INFO - Sync 1 DAGs
[2024-06-16T23:28:47.095+0000] {logging_mixin.py:188} INFO - [2024-06-16T23:28:47.095+0000] {dag.py:3954} INFO - Setting next_dagrun for youtube_etl_dag to 2024-06-15 00:00:00+00:00, run_after=2024-06-16 00:00:00+00:00
[2024-06-16T23:28:47.219+0000] {processor.py:183} INFO - Processing /opt/airflow/dags/etl.py took 0.707 seconds
[2024-06-16T23:29:17.645+0000] {processor.py:161} INFO - Started process (PID=189) to work on /opt/airflow/dags/etl.py
[2024-06-16T23:29:17.647+0000] {processor.py:830} INFO - Processing file /opt/airflow/dags/etl.py for tasks to queue
[2024-06-16T23:29:17.650+0000] {logging_mixin.py:188} INFO - [2024-06-16T23:29:17.649+0000] {dagbag.py:545} INFO - Filling up the DagBag from /opt/airflow/dags/etl.py
[2024-06-16T23:29:18.196+0000] {processor.py:840} INFO - DAG(s) 'youtube_etl_dag' retrieved from /opt/airflow/dags/etl.py
[2024-06-16T23:29:18.230+0000] {logging_mixin.py:188} INFO - [2024-06-16T23:29:18.229+0000] {dag.py:3096} INFO - Sync 1 DAGs
[2024-06-16T23:29:18.266+0000] {logging_mixin.py:188} INFO - [2024-06-16T23:29:18.266+0000] {dag.py:3954} INFO - Setting next_dagrun for youtube_etl_dag to 2024-06-15 00:00:00+00:00, run_after=2024-06-16 00:00:00+00:00
[2024-06-16T23:29:18.411+0000] {processor.py:183} INFO - Processing /opt/airflow/dags/etl.py took 0.773 seconds
[2024-06-16T23:29:48.788+0000] {processor.py:161} INFO - Started process (PID=195) to work on /opt/airflow/dags/etl.py
[2024-06-16T23:29:48.790+0000] {processor.py:830} INFO - Processing file /opt/airflow/dags/etl.py for tasks to queue
[2024-06-16T23:29:48.793+0000] {logging_mixin.py:188} INFO - [2024-06-16T23:29:48.792+0000] {dagbag.py:545} INFO - Filling up the DagBag from /opt/airflow/dags/etl.py
[2024-06-16T23:29:49.296+0000] {processor.py:840} INFO - DAG(s) 'youtube_etl_dag' retrieved from /opt/airflow/dags/etl.py
[2024-06-16T23:29:49.314+0000] {logging_mixin.py:188} INFO - [2024-06-16T23:29:49.313+0000] {dag.py:3096} INFO - Sync 1 DAGs
[2024-06-16T23:29:49.335+0000] {logging_mixin.py:188} INFO - [2024-06-16T23:29:49.335+0000] {dag.py:3954} INFO - Setting next_dagrun for youtube_etl_dag to 2024-06-15 00:00:00+00:00, run_after=2024-06-16 00:00:00+00:00
[2024-06-16T23:29:49.417+0000] {processor.py:183} INFO - Processing /opt/airflow/dags/etl.py took 0.634 seconds
[2024-06-16T23:29:50.659+0000] {processor.py:161} INFO - Started process (PID=197) to work on /opt/airflow/dags/etl.py
[2024-06-16T23:29:50.660+0000] {processor.py:830} INFO - Processing file /opt/airflow/dags/etl.py for tasks to queue
[2024-06-16T23:29:50.662+0000] {logging_mixin.py:188} INFO - [2024-06-16T23:29:50.661+0000] {dagbag.py:545} INFO - Filling up the DagBag from /opt/airflow/dags/etl.py
[2024-06-16T23:29:51.080+0000] {processor.py:840} INFO - DAG(s) 'etl_dag' retrieved from /opt/airflow/dags/etl.py
[2024-06-16T23:29:51.176+0000] {logging_mixin.py:188} INFO - [2024-06-16T23:29:51.176+0000] {dag.py:3096} INFO - Sync 1 DAGs
[2024-06-16T23:29:51.185+0000] {logging_mixin.py:188} INFO - [2024-06-16T23:29:51.185+0000] {dag.py:3118} INFO - Creating ORM DAG for etl_dag
[2024-06-16T23:29:51.195+0000] {logging_mixin.py:188} INFO - [2024-06-16T23:29:51.195+0000] {dag.py:3954} INFO - Setting next_dagrun for etl_dag to 2024-06-15 00:00:00+00:00, run_after=2024-06-16 00:00:00+00:00
[2024-06-16T23:29:51.295+0000] {processor.py:183} INFO - Processing /opt/airflow/dags/etl.py took 0.640 seconds
[2024-06-16T23:30:22.080+0000] {processor.py:161} INFO - Started process (PID=201) to work on /opt/airflow/dags/etl.py
[2024-06-16T23:30:22.081+0000] {processor.py:830} INFO - Processing file /opt/airflow/dags/etl.py for tasks to queue
[2024-06-16T23:30:22.083+0000] {logging_mixin.py:188} INFO - [2024-06-16T23:30:22.083+0000] {dagbag.py:545} INFO - Filling up the DagBag from /opt/airflow/dags/etl.py
[2024-06-16T23:30:22.516+0000] {processor.py:840} INFO - DAG(s) 'etl_dag' retrieved from /opt/airflow/dags/etl.py
[2024-06-16T23:30:22.551+0000] {logging_mixin.py:188} INFO - [2024-06-16T23:30:22.550+0000] {dag.py:3096} INFO - Sync 1 DAGs
[2024-06-16T23:30:22.573+0000] {logging_mixin.py:188} INFO - [2024-06-16T23:30:22.572+0000] {dag.py:3954} INFO - Setting next_dagrun for etl_dag to 2024-06-15 00:00:00+00:00, run_after=2024-06-16 00:00:00+00:00
[2024-06-16T23:30:22.662+0000] {processor.py:183} INFO - Processing /opt/airflow/dags/etl.py took 0.587 seconds
