[2024-06-17T02:08:11.685+0000] {local_task_job_runner.py:120} INFO - ::group::Pre task execution logs
[2024-06-17T02:08:11.718+0000] {taskinstance.py:2076} INFO - Dependencies all met for dep_context=non-requeueable deps ti=<TaskInstance: youtube_etl_dag.extract_data_from_youtube_api manual__2024-06-17T02:08:07.803312+00:00 [queued]>
[2024-06-17T02:08:11.732+0000] {taskinstance.py:2076} INFO - Dependencies all met for dep_context=requeueable deps ti=<TaskInstance: youtube_etl_dag.extract_data_from_youtube_api manual__2024-06-17T02:08:07.803312+00:00 [queued]>
[2024-06-17T02:08:11.733+0000] {taskinstance.py:2306} INFO - Starting attempt 1 of 2
[2024-06-17T02:08:11.773+0000] {taskinstance.py:2330} INFO - Executing <Task(PythonOperator): extract_data_from_youtube_api> on 2024-06-17 02:08:07.803312+00:00
[2024-06-17T02:08:11.791+0000] {standard_task_runner.py:90} INFO - Running: ['airflow', 'tasks', 'run', 'youtube_etl_dag', 'extract_data_from_youtube_api', 'manual__2024-06-17T02:08:07.803312+00:00', '--job-id', '20', '--raw', '--subdir', 'DAGS_FOLDER/youtube_etl_dag.py', '--cfg-path', '/tmp/tmp79h41io9']
[2024-06-17T02:08:11.794+0000] {standard_task_runner.py:91} INFO - Job 20: Subtask extract_data_from_youtube_api
[2024-06-17T02:08:11.794+0000] {logging_mixin.py:188} WARNING - /home/airflow/.local/lib/python3.12/site-packages/airflow/task/task_runner/standard_task_runner.py:61 DeprecationWarning: This process (pid=91) is multi-threaded, use of fork() may lead to deadlocks in the child.
[2024-06-17T02:08:11.796+0000] {standard_task_runner.py:63} INFO - Started process 104 to run task
[2024-06-17T02:08:11.899+0000] {task_command.py:426} INFO - Running <TaskInstance: youtube_etl_dag.extract_data_from_youtube_api manual__2024-06-17T02:08:07.803312+00:00 [running]> on host f4ed4e4cfbd7
[2024-06-17T02:08:12.165+0000] {taskinstance.py:2648} INFO - Exporting env vars: AIRFLOW_CTX_DAG_OWNER='airflow' AIRFLOW_CTX_DAG_ID='youtube_etl_dag' AIRFLOW_CTX_TASK_ID='extract_data_from_youtube_api' AIRFLOW_CTX_EXECUTION_DATE='2024-06-17T02:08:07.803312+00:00' AIRFLOW_CTX_TRY_NUMBER='1' AIRFLOW_CTX_DAG_RUN_ID='manual__2024-06-17T02:08:07.803312+00:00'
[2024-06-17T02:08:12.166+0000] {taskinstance.py:430} INFO - ::endgroup::
[2024-06-17T02:08:12.192+0000] {__init__.py:49} INFO - file_cache is only supported with oauth2client<4.0.0
[2024-06-17T02:08:13.718+0000] {__init__.py:49} INFO - file_cache is only supported with oauth2client<4.0.0
[2024-06-17T02:08:15.347+0000] {__init__.py:49} INFO - file_cache is only supported with oauth2client<4.0.0
[2024-06-17T02:08:15.866+0000] {__init__.py:49} INFO - file_cache is only supported with oauth2client<4.0.0
[2024-06-17T02:08:17.346+0000] {__init__.py:49} INFO - file_cache is only supported with oauth2client<4.0.0
[2024-06-17T02:08:18.286+0000] {__init__.py:49} INFO - file_cache is only supported with oauth2client<4.0.0
[2024-06-17T02:08:19.647+0000] {__init__.py:49} INFO - file_cache is only supported with oauth2client<4.0.0
[2024-06-17T02:08:21.133+0000] {__init__.py:49} INFO - file_cache is only supported with oauth2client<4.0.0
[2024-06-17T02:08:22.474+0000] {__init__.py:49} INFO - file_cache is only supported with oauth2client<4.0.0
[2024-06-17T02:08:23.846+0000] {__init__.py:49} INFO - file_cache is only supported with oauth2client<4.0.0
[2024-06-17T02:08:24.271+0000] {__init__.py:49} INFO - file_cache is only supported with oauth2client<4.0.0
[2024-06-17T02:08:25.462+0000] {__init__.py:49} INFO - file_cache is only supported with oauth2client<4.0.0
[2024-06-17T02:08:26.375+0000] {__init__.py:49} INFO - file_cache is only supported with oauth2client<4.0.0
[2024-06-17T02:08:27.597+0000] {__init__.py:49} INFO - file_cache is only supported with oauth2client<4.0.0
[2024-06-17T02:08:29.251+0000] {__init__.py:49} INFO - file_cache is only supported with oauth2client<4.0.0
[2024-06-17T02:08:30.848+0000] {__init__.py:49} INFO - file_cache is only supported with oauth2client<4.0.0
[2024-06-17T02:08:31.441+0000] {__init__.py:49} INFO - file_cache is only supported with oauth2client<4.0.0
[2024-06-17T02:08:31.979+0000] {__init__.py:49} INFO - file_cache is only supported with oauth2client<4.0.0
[2024-06-17T02:08:33.174+0000] {__init__.py:49} INFO - file_cache is only supported with oauth2client<4.0.0
[2024-06-17T02:08:34.031+0000] {__init__.py:49} INFO - file_cache is only supported with oauth2client<4.0.0
[2024-06-17T02:08:34.424+0000] {__init__.py:49} INFO - file_cache is only supported with oauth2client<4.0.0
[2024-06-17T02:08:35.805+0000] {__init__.py:49} INFO - file_cache is only supported with oauth2client<4.0.0
[2024-06-17T02:08:37.089+0000] {__init__.py:49} INFO - file_cache is only supported with oauth2client<4.0.0
[2024-06-17T02:08:38.757+0000] {__init__.py:49} INFO - file_cache is only supported with oauth2client<4.0.0
[2024-06-17T02:08:39.197+0000] {__init__.py:49} INFO - file_cache is only supported with oauth2client<4.0.0
[2024-06-17T02:08:40.684+0000] {__init__.py:49} INFO - file_cache is only supported with oauth2client<4.0.0
[2024-06-17T02:08:41.625+0000] {__init__.py:49} INFO - file_cache is only supported with oauth2client<4.0.0
[2024-06-17T02:08:42.202+0000] {__init__.py:49} INFO - file_cache is only supported with oauth2client<4.0.0
[2024-06-17T02:08:43.653+0000] {__init__.py:49} INFO - file_cache is only supported with oauth2client<4.0.0
[2024-06-17T02:08:45.160+0000] {__init__.py:49} INFO - file_cache is only supported with oauth2client<4.0.0
[2024-06-17T02:08:46.514+0000] {__init__.py:49} INFO - file_cache is only supported with oauth2client<4.0.0
[2024-06-17T02:08:46.983+0000] {__init__.py:49} INFO - file_cache is only supported with oauth2client<4.0.0
[2024-06-17T02:08:48.344+0000] {__init__.py:49} INFO - file_cache is only supported with oauth2client<4.0.0
[2024-06-17T02:08:49.314+0000] {__init__.py:49} INFO - file_cache is only supported with oauth2client<4.0.0
[2024-06-17T02:08:49.573+0000] {__init__.py:49} INFO - file_cache is only supported with oauth2client<4.0.0
[2024-06-17T02:08:51.092+0000] {python.py:237} INFO - Done. Returned value was: None
[2024-06-17T02:08:51.093+0000] {taskinstance.py:441} INFO - ::group::Post task execution logs
[2024-06-17T02:08:51.119+0000] {taskinstance.py:1206} INFO - Marking task as SUCCESS. dag_id=youtube_etl_dag, task_id=extract_data_from_youtube_api, run_id=manual__2024-06-17T02:08:07.803312+00:00, execution_date=20240617T020807, start_date=20240617T020811, end_date=20240617T020851
[2024-06-17T02:08:51.225+0000] {local_task_job_runner.py:240} INFO - Task exited with return code 0
[2024-06-17T02:08:51.252+0000] {taskinstance.py:3503} INFO - 0 downstream tasks scheduled from follow-on schedule check
[2024-06-17T02:08:51.255+0000] {local_task_job_runner.py:222} INFO - ::endgroup::
