[2024-06-17T02:48:22.459+0000] {local_task_job_runner.py:120} INFO - ::group::Pre task execution logs
[2024-06-17T02:48:22.507+0000] {taskinstance.py:2076} INFO - Dependencies all met for dep_context=non-requeueable deps ti=<TaskInstance: youtube_etl_dag.extract_data_from_youtube_api manual__2024-06-17T02:42:41.424132+00:00 [queued]>
[2024-06-17T02:48:22.529+0000] {taskinstance.py:2076} INFO - Dependencies all met for dep_context=requeueable deps ti=<TaskInstance: youtube_etl_dag.extract_data_from_youtube_api manual__2024-06-17T02:42:41.424132+00:00 [queued]>
[2024-06-17T02:48:22.532+0000] {taskinstance.py:2306} INFO - Starting attempt 2 of 2
[2024-06-17T02:48:22.598+0000] {taskinstance.py:2330} INFO - Executing <Task(PythonOperator): extract_data_from_youtube_api> on 2024-06-17 02:42:41.424132+00:00
[2024-06-17T02:48:22.611+0000] {standard_task_runner.py:90} INFO - Running: ['airflow', 'tasks', 'run', 'youtube_etl_dag', 'extract_data_from_youtube_api', 'manual__2024-06-17T02:42:41.424132+00:00', '--job-id', '26', '--raw', '--subdir', 'DAGS_FOLDER/youtube_etl_dag.py', '--cfg-path', '/tmp/tmpp9drku7b']
[2024-06-17T02:48:22.614+0000] {standard_task_runner.py:91} INFO - Job 26: Subtask extract_data_from_youtube_api
[2024-06-17T02:48:22.616+0000] {logging_mixin.py:188} WARNING - /home/airflow/.local/lib/python3.12/site-packages/airflow/task/task_runner/standard_task_runner.py:61 DeprecationWarning: This process (pid=971) is multi-threaded, use of fork() may lead to deadlocks in the child.
[2024-06-17T02:48:22.617+0000] {standard_task_runner.py:63} INFO - Started process 984 to run task
[2024-06-17T02:48:22.741+0000] {task_command.py:426} INFO - Running <TaskInstance: youtube_etl_dag.extract_data_from_youtube_api manual__2024-06-17T02:42:41.424132+00:00 [running]> on host f4ed4e4cfbd7
[2024-06-17T02:48:23.050+0000] {taskinstance.py:2648} INFO - Exporting env vars: AIRFLOW_CTX_DAG_OWNER='airflow' AIRFLOW_CTX_DAG_ID='youtube_etl_dag' AIRFLOW_CTX_TASK_ID='extract_data_from_youtube_api' AIRFLOW_CTX_EXECUTION_DATE='2024-06-17T02:42:41.424132+00:00' AIRFLOW_CTX_TRY_NUMBER='2' AIRFLOW_CTX_DAG_RUN_ID='manual__2024-06-17T02:42:41.424132+00:00'
[2024-06-17T02:48:23.051+0000] {taskinstance.py:430} INFO - ::endgroup::
[2024-06-17T02:48:23.072+0000] {__init__.py:49} INFO - file_cache is only supported with oauth2client<4.0.0
[2024-06-17T02:48:24.647+0000] {__init__.py:49} INFO - file_cache is only supported with oauth2client<4.0.0
[2024-06-17T02:48:26.422+0000] {__init__.py:49} INFO - file_cache is only supported with oauth2client<4.0.0
[2024-06-17T02:48:26.888+0000] {__init__.py:49} INFO - file_cache is only supported with oauth2client<4.0.0
[2024-06-17T02:48:28.362+0000] {__init__.py:49} INFO - file_cache is only supported with oauth2client<4.0.0
[2024-06-17T02:48:29.418+0000] {__init__.py:49} INFO - file_cache is only supported with oauth2client<4.0.0
[2024-06-17T02:48:30.907+0000] {__init__.py:49} INFO - file_cache is only supported with oauth2client<4.0.0
[2024-06-17T02:48:32.686+0000] {__init__.py:49} INFO - file_cache is only supported with oauth2client<4.0.0
[2024-06-17T02:48:34.445+0000] {__init__.py:49} INFO - file_cache is only supported with oauth2client<4.0.0
[2024-06-17T02:48:36.475+0000] {__init__.py:49} INFO - file_cache is only supported with oauth2client<4.0.0
[2024-06-17T02:48:37.130+0000] {__init__.py:49} INFO - file_cache is only supported with oauth2client<4.0.0
[2024-06-17T02:48:38.532+0000] {__init__.py:49} INFO - file_cache is only supported with oauth2client<4.0.0
[2024-06-17T02:48:39.449+0000] {__init__.py:49} INFO - file_cache is only supported with oauth2client<4.0.0
[2024-06-17T02:48:40.547+0000] {__init__.py:49} INFO - file_cache is only supported with oauth2client<4.0.0
[2024-06-17T02:48:42.288+0000] {__init__.py:49} INFO - file_cache is only supported with oauth2client<4.0.0
[2024-06-17T02:48:44.023+0000] {__init__.py:49} INFO - file_cache is only supported with oauth2client<4.0.0
[2024-06-17T02:48:44.763+0000] {__init__.py:49} INFO - file_cache is only supported with oauth2client<4.0.0
[2024-06-17T02:48:45.248+0000] {__init__.py:49} INFO - file_cache is only supported with oauth2client<4.0.0
[2024-06-17T02:48:46.419+0000] {__init__.py:49} INFO - file_cache is only supported with oauth2client<4.0.0
[2024-06-17T02:48:47.487+0000] {__init__.py:49} INFO - file_cache is only supported with oauth2client<4.0.0
[2024-06-17T02:48:47.873+0000] {__init__.py:49} INFO - file_cache is only supported with oauth2client<4.0.0
[2024-06-17T02:48:49.592+0000] {__init__.py:49} INFO - file_cache is only supported with oauth2client<4.0.0
[2024-06-17T02:48:51.000+0000] {__init__.py:49} INFO - file_cache is only supported with oauth2client<4.0.0
[2024-06-17T02:48:52.618+0000] {__init__.py:49} INFO - file_cache is only supported with oauth2client<4.0.0
[2024-06-17T02:48:53.165+0000] {__init__.py:49} INFO - file_cache is only supported with oauth2client<4.0.0
[2024-06-17T02:48:54.793+0000] {__init__.py:49} INFO - file_cache is only supported with oauth2client<4.0.0
[2024-06-17T02:48:55.991+0000] {__init__.py:49} INFO - file_cache is only supported with oauth2client<4.0.0
[2024-06-17T02:48:56.705+0000] {__init__.py:49} INFO - file_cache is only supported with oauth2client<4.0.0
[2024-06-17T02:48:58.157+0000] {__init__.py:49} INFO - file_cache is only supported with oauth2client<4.0.0
[2024-06-17T02:48:59.603+0000] {__init__.py:49} INFO - file_cache is only supported with oauth2client<4.0.0
[2024-06-17T02:49:00.930+0000] {__init__.py:49} INFO - file_cache is only supported with oauth2client<4.0.0
[2024-06-17T02:49:01.518+0000] {__init__.py:49} INFO - file_cache is only supported with oauth2client<4.0.0
[2024-06-17T02:49:03.305+0000] {__init__.py:49} INFO - file_cache is only supported with oauth2client<4.0.0
[2024-06-17T02:49:04.253+0000] {__init__.py:49} INFO - file_cache is only supported with oauth2client<4.0.0
[2024-06-17T02:49:04.608+0000] {__init__.py:49} INFO - file_cache is only supported with oauth2client<4.0.0
[2024-06-17T02:49:06.251+0000] {python.py:237} INFO - Done. Returned value was: None
[2024-06-17T02:49:06.252+0000] {taskinstance.py:441} INFO - ::group::Post task execution logs
[2024-06-17T02:49:06.266+0000] {taskinstance.py:1206} INFO - Marking task as SUCCESS. dag_id=youtube_etl_dag, task_id=extract_data_from_youtube_api, run_id=manual__2024-06-17T02:42:41.424132+00:00, execution_date=20240617T024241, start_date=20240617T024822, end_date=20240617T024906
[2024-06-17T02:49:06.336+0000] {local_task_job_runner.py:240} INFO - Task exited with return code 0
[2024-06-17T02:49:06.357+0000] {taskinstance.py:3503} INFO - 0 downstream tasks scheduled from follow-on schedule check
[2024-06-17T02:49:06.359+0000] {local_task_job_runner.py:222} INFO - ::endgroup::
