[2024-06-17T02:22:09.447+0000] {local_task_job_runner.py:120} INFO - ::group::Pre task execution logs
[2024-06-17T02:22:09.478+0000] {taskinstance.py:2076} INFO - Dependencies all met for dep_context=non-requeueable deps ti=<TaskInstance: youtube_etl_dag.extract_data_from_youtube_api manual__2024-06-17T02:22:05.404501+00:00 [queued]>
[2024-06-17T02:22:09.491+0000] {taskinstance.py:2076} INFO - Dependencies all met for dep_context=requeueable deps ti=<TaskInstance: youtube_etl_dag.extract_data_from_youtube_api manual__2024-06-17T02:22:05.404501+00:00 [queued]>
[2024-06-17T02:22:09.493+0000] {taskinstance.py:2306} INFO - Starting attempt 1 of 2
[2024-06-17T02:22:09.533+0000] {taskinstance.py:2330} INFO - Executing <Task(PythonOperator): extract_data_from_youtube_api> on 2024-06-17 02:22:05.404501+00:00
[2024-06-17T02:22:09.540+0000] {standard_task_runner.py:90} INFO - Running: ['airflow', 'tasks', 'run', 'youtube_etl_dag', 'extract_data_from_youtube_api', 'manual__2024-06-17T02:22:05.404501+00:00', '--job-id', '23', '--raw', '--subdir', 'DAGS_FOLDER/youtube_etl_dag.py', '--cfg-path', '/tmp/tmptu0mkjps']
[2024-06-17T02:22:09.541+0000] {standard_task_runner.py:91} INFO - Job 23: Subtask extract_data_from_youtube_api
[2024-06-17T02:22:09.543+0000] {logging_mixin.py:188} WARNING - /home/airflow/.local/lib/python3.12/site-packages/airflow/task/task_runner/standard_task_runner.py:61 DeprecationWarning: This process (pid=833) is multi-threaded, use of fork() may lead to deadlocks in the child.
[2024-06-17T02:22:09.543+0000] {standard_task_runner.py:63} INFO - Started process 846 to run task
[2024-06-17T02:22:09.623+0000] {task_command.py:426} INFO - Running <TaskInstance: youtube_etl_dag.extract_data_from_youtube_api manual__2024-06-17T02:22:05.404501+00:00 [running]> on host f4ed4e4cfbd7
[2024-06-17T02:22:09.887+0000] {taskinstance.py:2648} INFO - Exporting env vars: AIRFLOW_CTX_DAG_OWNER='airflow' AIRFLOW_CTX_DAG_ID='youtube_etl_dag' AIRFLOW_CTX_TASK_ID='extract_data_from_youtube_api' AIRFLOW_CTX_EXECUTION_DATE='2024-06-17T02:22:05.404501+00:00' AIRFLOW_CTX_TRY_NUMBER='1' AIRFLOW_CTX_DAG_RUN_ID='manual__2024-06-17T02:22:05.404501+00:00'
[2024-06-17T02:22:09.888+0000] {taskinstance.py:430} INFO - ::endgroup::
[2024-06-17T02:22:09.899+0000] {__init__.py:49} INFO - file_cache is only supported with oauth2client<4.0.0
[2024-06-17T02:22:11.242+0000] {__init__.py:49} INFO - file_cache is only supported with oauth2client<4.0.0
[2024-06-17T02:22:12.559+0000] {__init__.py:49} INFO - file_cache is only supported with oauth2client<4.0.0
[2024-06-17T02:22:13.131+0000] {__init__.py:49} INFO - file_cache is only supported with oauth2client<4.0.0
[2024-06-17T02:22:14.742+0000] {__init__.py:49} INFO - file_cache is only supported with oauth2client<4.0.0
[2024-06-17T02:22:15.463+0000] {__init__.py:49} INFO - file_cache is only supported with oauth2client<4.0.0
[2024-06-17T02:22:16.869+0000] {__init__.py:49} INFO - file_cache is only supported with oauth2client<4.0.0
[2024-06-17T02:22:18.224+0000] {__init__.py:49} INFO - file_cache is only supported with oauth2client<4.0.0
[2024-06-17T02:22:19.672+0000] {__init__.py:49} INFO - file_cache is only supported with oauth2client<4.0.0
[2024-06-17T02:22:21.140+0000] {__init__.py:49} INFO - file_cache is only supported with oauth2client<4.0.0
[2024-06-17T02:22:21.515+0000] {__init__.py:49} INFO - file_cache is only supported with oauth2client<4.0.0
[2024-06-17T02:22:22.945+0000] {__init__.py:49} INFO - file_cache is only supported with oauth2client<4.0.0
[2024-06-17T02:22:23.724+0000] {__init__.py:49} INFO - file_cache is only supported with oauth2client<4.0.0
[2024-06-17T02:22:24.791+0000] {__init__.py:49} INFO - file_cache is only supported with oauth2client<4.0.0
[2024-06-17T02:22:26.098+0000] {__init__.py:49} INFO - file_cache is only supported with oauth2client<4.0.0
[2024-06-17T02:22:27.715+0000] {__init__.py:49} INFO - file_cache is only supported with oauth2client<4.0.0
[2024-06-17T02:22:28.210+0000] {__init__.py:49} INFO - file_cache is only supported with oauth2client<4.0.0
[2024-06-17T02:22:28.723+0000] {__init__.py:49} INFO - file_cache is only supported with oauth2client<4.0.0
[2024-06-17T02:22:29.788+0000] {__init__.py:49} INFO - file_cache is only supported with oauth2client<4.0.0
[2024-06-17T02:22:30.778+0000] {__init__.py:49} INFO - file_cache is only supported with oauth2client<4.0.0
[2024-06-17T02:22:31.253+0000] {__init__.py:49} INFO - file_cache is only supported with oauth2client<4.0.0
[2024-06-17T02:22:32.685+0000] {__init__.py:49} INFO - file_cache is only supported with oauth2client<4.0.0
[2024-06-17T02:22:34.236+0000] {__init__.py:49} INFO - file_cache is only supported with oauth2client<4.0.0
[2024-06-17T02:22:35.678+0000] {__init__.py:49} INFO - file_cache is only supported with oauth2client<4.0.0
[2024-06-17T02:22:36.123+0000] {__init__.py:49} INFO - file_cache is only supported with oauth2client<4.0.0
[2024-06-17T02:22:37.534+0000] {__init__.py:49} INFO - file_cache is only supported with oauth2client<4.0.0
[2024-06-17T02:22:38.611+0000] {__init__.py:49} INFO - file_cache is only supported with oauth2client<4.0.0
[2024-06-17T02:22:39.324+0000] {__init__.py:49} INFO - file_cache is only supported with oauth2client<4.0.0
[2024-06-17T02:22:40.627+0000] {__init__.py:49} INFO - file_cache is only supported with oauth2client<4.0.0
[2024-06-17T02:22:42.133+0000] {__init__.py:49} INFO - file_cache is only supported with oauth2client<4.0.0
[2024-06-17T02:22:43.616+0000] {__init__.py:49} INFO - file_cache is only supported with oauth2client<4.0.0
[2024-06-17T02:22:44.011+0000] {__init__.py:49} INFO - file_cache is only supported with oauth2client<4.0.0
[2024-06-17T02:22:45.604+0000] {__init__.py:49} INFO - file_cache is only supported with oauth2client<4.0.0
[2024-06-17T02:22:46.408+0000] {__init__.py:49} INFO - file_cache is only supported with oauth2client<4.0.0
[2024-06-17T02:22:46.645+0000] {__init__.py:49} INFO - file_cache is only supported with oauth2client<4.0.0
[2024-06-17T02:22:48.133+0000] {python.py:237} INFO - Done. Returned value was: None
[2024-06-17T02:22:48.134+0000] {taskinstance.py:441} INFO - ::group::Post task execution logs
[2024-06-17T02:22:48.161+0000] {taskinstance.py:1206} INFO - Marking task as SUCCESS. dag_id=youtube_etl_dag, task_id=extract_data_from_youtube_api, run_id=manual__2024-06-17T02:22:05.404501+00:00, execution_date=20240617T022205, start_date=20240617T022209, end_date=20240617T022248
[2024-06-17T02:22:48.263+0000] {local_task_job_runner.py:240} INFO - Task exited with return code 0
[2024-06-17T02:22:48.307+0000] {taskinstance.py:3503} INFO - 0 downstream tasks scheduled from follow-on schedule check
[2024-06-17T02:22:48.311+0000] {local_task_job_runner.py:222} INFO - ::endgroup::
